Log file open, 04/03/19 19:10:05
LogWindows: Failed to load 'aqProf.dll' (GetLastError=126)
LogWindows: File 'aqProf.dll' does not exist
LogWindows: Failed to load 'VtuneApi.dll' (GetLastError=126)
LogWindows: File 'VtuneApi.dll' does not exist
LogWindows: Failed to load 'VtuneApi32e.dll' (GetLastError=126)
LogWindows: File 'VtuneApi32e.dll' does not exist
LogConsoleResponse: Display: Failed to find resolution value strings in scalability ini. Falling back to default.
LogInit: Display: Running engine for game: EscapeGame
LogPakFile: Registered encryption key '00000000000000000000000000000000': 0 pak files mounted, 0 remain pending
LogPlatformFile: Not using cached read wrapper
LogTaskGraph: Started task graph with 5 named threads and 35 total threads with 3 sets of task threads.
LogStats: Stats thread started at 0.391408
LogD3D11RHI: Loaded GFSDK_Aftermath_Lib.x64.dll
LogICUInternationalization: ICU TimeZone Detection - Raw Offset: -5:00, Platform Override: ''
LogPluginManager: Mounting plugin Paper2D
LogPluginManager: Mounting plugin AISupport
LogPluginManager: Mounting plugin LightPropagationVolume
LogPluginManager: Mounting plugin ActorLayerUtilities
LogPluginManager: Mounting plugin CLionSourceCodeAccess
LogPluginManager: Mounting plugin CodeLiteSourceCodeAccess
LogPluginManager: Mounting plugin GitSourceControl
LogPluginManager: Mounting plugin KDevelopSourceCodeAccess
LogPluginManager: Mounting plugin NullSourceCodeAccess
LogPluginManager: Mounting plugin PerforceSourceControl
LogPluginManager: Mounting plugin SubversionSourceControl
LogPluginManager: Mounting plugin UObjectPlugin
LogPluginManager: Mounting plugin VisualStudioCodeSourceCodeAccess
LogPluginManager: Mounting plugin VisualStudioSourceCodeAccess
LogPluginManager: Mounting plugin XCodeSourceCodeAccess
LogPluginManager: Mounting plugin AssetManagerEditor
LogPluginManager: Mounting plugin CryptoKeys
LogPluginManager: Mounting plugin DataValidation
LogPluginManager: Mounting plugin FacialAnimation
LogPluginManager: Mounting plugin GameplayTagsEditor
LogPluginManager: Mounting plugin MacGraphicsSwitching
LogPluginManager: Mounting plugin MeshEditor
LogPluginManager: Mounting plugin MobileLauncherProfileWizard
LogPluginManager: Mounting plugin PluginBrowser
LogPluginManager: Mounting plugin SpeedTreeImporter
LogPluginManager: Mounting plugin DatasmithContent
LogPluginManager: Mounting plugin VariantManagerContent
LogPluginManager: Mounting plugin AlembicImporter
LogPluginManager: Mounting plugin AppleImageUtils
LogPluginManager: Mounting plugin AppleVision
LogPluginManager: Mounting plugin BackChannel
LogPluginManager: Mounting plugin CharacterAI
LogPluginManager: Mounting plugin GeometryCache
LogPluginManager: Mounting plugin HTML5Networking
LogPluginManager: Mounting plugin ProxyLODPlugin
LogPluginManager: Mounting plugin MagicLeap
LogPluginManager: Mounting plugin MagicLeapMedia
LogPluginManager: Mounting plugin AndroidMedia
LogPluginManager: Mounting plugin AvfMedia
LogPluginManager: Mounting plugin ImgMedia
LogPluginManager: Mounting plugin LinearTimecode
LogPluginManager: Mounting plugin MediaCompositing
LogPluginManager: Mounting plugin MediaPlayerEditor
LogPluginManager: Mounting plugin WebMMedia
LogPluginManager: Mounting plugin WmfMedia
LogPluginManager: Mounting plugin TcpMessaging
LogPluginManager: Mounting plugin UdpMessaging
LogPluginManager: Mounting plugin ActorSequence
LogPluginManager: Mounting plugin LevelSequenceEditor
LogPluginManager: Mounting plugin MatineeToLevelSequence
LogPluginManager: Mounting plugin NetcodeUnitTest
LogPluginManager: Mounting plugin NUTUnrealEngine4
LogPluginManager: Mounting plugin OnlineSubsystemGooglePlay
LogPluginManager: Mounting plugin OnlineSubsystemIOS
LogPluginManager: Mounting plugin OnlineSubsystem
LogPluginManager: Mounting plugin OnlineSubsystemNull
LogPluginManager: Mounting plugin OnlineSubsystemUtils
LogPluginManager: Mounting plugin LauncherChunkInstaller
LogPluginManager: Mounting plugin AndroidDeviceProfileSelector
LogPluginManager: Mounting plugin AndroidMoviePlayer
LogPluginManager: Mounting plugin AndroidPermission
LogPluginManager: Mounting plugin AppleMoviePlayer
LogPluginManager: Mounting plugin ArchVisCharacter
LogPluginManager: Mounting plugin AudioCapture
LogPluginManager: Mounting plugin CableComponent
LogPluginManager: Mounting plugin CustomMeshComponent
LogPluginManager: Mounting plugin EditableMesh
LogPluginManager: Mounting plugin ExampleDeviceProfileSelector
LogPluginManager: Mounting plugin Firebase
LogPluginManager: Mounting plugin GoogleCloudMessaging
LogPluginManager: Mounting plugin IOSDeviceProfileSelector
LogPluginManager: Mounting plugin LinuxDeviceProfileSelector
LogPluginManager: Mounting plugin LocationServicesBPLibrary
LogPluginManager: Mounting plugin MobilePatchingUtils
LogPluginManager: Mounting plugin OculusVR
LogPluginManager: Mounting plugin PhysXVehicles
LogPluginManager: Mounting plugin ProceduralMeshComponent
LogPluginManager: Mounting plugin RuntimePhysXCooking
LogPluginManager: Mounting plugin SteamVR
LogPluginManager: Mounting plugin WebMMoviePlayer
LogPluginManager: Mounting plugin WindowsMoviePlayer
LogStreaming: Display: Took  0.075s to configure plugins.
LogInit: Using libcurl 7.55.1-DEV
LogInit:  - built for x86_64-pc-win32
LogInit:  - supports SSL with OpenSSL/1.0.2h
LogInit:  - supports HTTP deflate (compression) using libz 1.2.8
LogInit:  - other features:
LogInit:      CURL_VERSION_SSL
LogInit:      CURL_VERSION_LIBZ
LogInit:      CURL_VERSION_IPV6
LogInit:      CURL_VERSION_ASYNCHDNS
LogInit:      CURL_VERSION_LARGEFILE
LogInit:      CURL_VERSION_IDN
LogInit:  CurlRequestOptions (configurable via config and command line):
LogInit:  - bVerifyPeer = true  - Libcurl will verify peer certificate
LogInit:  - bUseHttpProxy = false  - Libcurl will NOT use HTTP proxy
LogInit:  - bDontReuseConnections = false  - Libcurl will reuse connections
LogInit:  - MaxHostConnections = 16  - Libcurl will limit the number of connections to a host
LogInit:  - LocalHostAddr = Default
LogInit:  - BufferSize = 65536
LogInit: WinSock: version 1.1 (2.2), MaxSocks=32767, MaxUdp=65467
LogInit: Build: ++UE4+Release-4.21-CL-4753647
LogInit: Engine Version: 4.21.2-4753647+++UE4+Release-4.21
LogInit: Compatible Engine Version: 4.21.0-4541578+++UE4+Release-4.21
LogInit: Net CL: 4541578
LogInit: OS: Windows 10 (), CPU: Intel(R) Core(TM) i7-8700K CPU @ 3.70GHz, GPU: NVIDIA GeForce GTX 1080 Ti
LogInit: Compiled (64-bit): Jan 19 2019 02:07:31
LogInit: Compiled with Visual C++: 19.13.26129.00
LogInit: Build Configuration: Development
LogInit: Branch Name: ++UE4+Release-4.21
LogInit: Command Line: 
LogInit: Base Directory: D:/Games/Epic Games/UE_4.21/Engine/Binaries/Win64/
LogInit: Installed Engine Build: 1
LogDevObjectVersion: Number of dev versions registered: 22
LogDevObjectVersion:   Dev-Blueprints (B0D832E4-1F89-4F0D-ACCF-7EB736FD4AA2): 10
LogDevObjectVersion:   Dev-Build (E1C64328-A22C-4D53-A36C-8E866417BD8C): 0
LogDevObjectVersion:   Dev-Core (375EC13C-06E4-48FB-B500-84F0262A717E): 2
LogDevObjectVersion:   Dev-Editor (E4B068ED-F494-42E9-A231-DA0B2E46BB41): 26
LogDevObjectVersion:   Dev-Framework (CFFC743F-43B0-4480-9391-14DF171D2073): 34
LogDevObjectVersion:   Dev-Mobile (B02B49B5-BB20-44E9-A304-32B752E40360): 2
LogDevObjectVersion:   Dev-Networking (A4E4105C-59A1-49B5-A7C5-40C4547EDFEE): 0
LogDevObjectVersion:   Dev-Online (39C831C9-5AE6-47DC-9A44-9C173E1C8E7C): 0
LogDevObjectVersion:   Dev-Physics (78F01B33-EBEA-4F98-B9B4-84EACCB95AA2): 0
LogDevObjectVersion:   Dev-Platform (6631380F-2D4D-43E0-8009-CF276956A95A): 0
LogDevObjectVersion:   Dev-Rendering (12F88B9F-8875-4AFC-A67C-D90C383ABD29): 27
LogDevObjectVersion:   Dev-Sequencer (7B5AE74C-D270-4C10-A958-57980B212A5A): 9
LogDevObjectVersion:   Dev-VR (D7296918-1DD6-4BDD-9DE2-64A83CC13884): 2
LogDevObjectVersion:   Dev-LoadTimes (C2A15278-BFE7-4AFE-6C17-90FF531DF755): 1
LogDevObjectVersion:   Private-Geometry (6EACA3D4-40EC-4CC1-B786-8BED09428FC5): 3
LogDevObjectVersion:   Dev-AnimPhys (29E575DD-E0A3-4627-9D10-D276232CDCEA): 17
LogDevObjectVersion:   Dev-Anim (AF43A65D-7FD3-4947-9873-3E8ED9C1BB05): 2
LogDevObjectVersion:   Dev-ReflectionCapture (6B266CEC-1EC7-4B8F-A30B-E4D90942FC07): 1
LogDevObjectVersion:   Dev-Automation (0DF73D61-A23F-47EA-B727-89E90C41499A): 1
LogDevObjectVersion:   FortniteMain (601D1886-AC64-4F84-AA16-D3DE0DEAC7D6): 17
LogDevObjectVersion:   Dev-Enterprise (9DFFBCD6-494F-0158-E221-12823C92A888): 4
LogDevObjectVersion:   Dev-Niagara (F2AED0AC-9AFE-416F-8664-AA7FFA26D6FC): 1
LogStreaming: Display: Took  0.001s to delete old logs.
LogInit: Presizing for max 8388607 objects, including 0 objects not considered by GC, pre-allocating 0 bytes for permanent pool.
LogInit: Object subsystem initialized
LogConfig: Setting CVar [[con.DebugEarlyDefault:1]]
LogConfig: Setting CVar [[r.setres:1280x720]]
[2019.04.03-23.10.05:753][  0]LogConfig: Setting CVar [[r.VSync:0]]
[2019.04.03-23.10.05:753][  0]LogConfig: Setting CVar [[r.RHICmdBypass:0]]
[2019.04.03-23.10.05:753][  0]LogConfig: Applying CVar settings from Section [/Script/Engine.RendererSettings] File [D:/Game Development/Unreal_EscapeGame/EscapeGame/Saved/Config/Windows/Engine.ini]
[2019.04.03-23.10.05:753][  0]LogConfig: Setting CVar [[r.GPUCrashDebugging:0]]
[2019.04.03-23.10.05:753][  0]LogConfig: Applying CVar settings from Section [/Script/Engine.RendererOverrideSettings] File [D:/Game Development/Unreal_EscapeGame/EscapeGame/Saved/Config/Windows/Engine.ini]
[2019.04.03-23.10.05:753][  0]LogConfig: Applying CVar settings from Section [/Script/Engine.StreamingSettings] File [D:/Game Development/Unreal_EscapeGame/EscapeGame/Saved/Config/Windows/Engine.ini]
[2019.04.03-23.10.05:753][  0]LogConfig: Setting CVar [[s.MinBulkDataSizeForAsyncLoading:131072]]
[2019.04.03-23.10.05:753][  0]LogConfig: Setting CVar [[s.AsyncLoadingThreadEnabled:0]]
[2019.04.03-23.10.05:753][  0]LogConfig: Setting CVar [[s.EventDrivenLoaderEnabled:1]]
[2019.04.03-23.10.05:753][  0]LogConfig: Setting CVar [[s.WarnIfTimeLimitExceeded:0]]
[2019.04.03-23.10.05:753][  0]LogConfig: Setting CVar [[s.TimeLimitExceededMultiplier:1.5]]
[2019.04.03-23.10.05:753][  0]LogConfig: Setting CVar [[s.TimeLimitExceededMinTime:0.005]]
[2019.04.03-23.10.05:753][  0]LogConfig: Setting CVar [[s.UseBackgroundLevelStreaming:1]]
[2019.04.03-23.10.05:753][  0]LogConfig: Setting CVar [[s.PriorityAsyncLoadingExtraTime:15.0]]
[2019.04.03-23.10.05:753][  0]LogConfig: Setting CVar [[s.LevelStreamingActorsUpdateTimeLimit:5.0]]
[2019.04.03-23.10.05:753][  0]LogConfig: Setting CVar [[s.PriorityLevelStreamingActorsUpdateExtraTime:5.0]]
[2019.04.03-23.10.05:753][  0]LogConfig: Setting CVar [[s.LevelStreamingComponentsRegistrationGranularity:10]]
[2019.04.03-23.10.05:753][  0]LogConfig: Setting CVar [[s.UnregisterComponentsTimeLimit:1.0]]
[2019.04.03-23.10.05:753][  0]LogConfig: Setting CVar [[s.LevelStreamingComponentsUnregistrationGranularity:5]]
[2019.04.03-23.10.05:753][  0]LogConfig: Applying CVar settings from Section [/Script/Engine.GarbageCollectionSettings] File [D:/Game Development/Unreal_EscapeGame/EscapeGame/Saved/Config/Windows/Engine.ini]
[2019.04.03-23.10.05:753][  0]LogConfig: Setting CVar [[gc.MaxObjectsNotConsideredByGC:1]]
[2019.04.03-23.10.05:753][  0]LogConfig: Setting CVar [[gc.SizeOfPermanentObjectPool:0]]
[2019.04.03-23.10.05:753][  0]LogConfig: Setting CVar [[gc.FlushStreamingOnGC:0]]
[2019.04.03-23.10.05:753][  0]LogConfig: Setting CVar [[gc.NumRetriesBeforeForcingGC:10]]
[2019.04.03-23.10.05:753][  0]LogConfig: Setting CVar [[gc.AllowParallelGC:1]]
[2019.04.03-23.10.05:753][  0]LogConfig: Setting CVar [[gc.TimeBetweenPurgingPendingKillObjects:61.1]]
[2019.04.03-23.10.05:753][  0]LogConfig: Setting CVar [[gc.MaxObjectsInEditor:8388607]]
[2019.04.03-23.10.05:753][  0]LogConfig: Setting CVar [[gc.IncrementalBeginDestroyEnabled:1]]
[2019.04.03-23.10.05:753][  0]LogConfig: Setting CVar [[gc.CreateGCClusters:1]]
[2019.04.03-23.10.05:753][  0]LogConfig: Setting CVar [[gc.MergeGCClusters:0]]
[2019.04.03-23.10.05:753][  0]LogConfig: Setting CVar [[gc.MinGCClusterSize:5]]
[2019.04.03-23.10.05:753][  0]LogConfig: Setting CVar [[gc.ActorClusteringEnabled:0]]
[2019.04.03-23.10.05:753][  0]LogConfig: Setting CVar [[gc.BlueprintClusteringEnabled:0]]
[2019.04.03-23.10.05:753][  0]LogConfig: Setting CVar [[gc.UseDisregardForGCOnDedicatedServers:0]]
[2019.04.03-23.10.05:753][  0]LogConfig: Applying CVar settings from Section [/Script/Engine.NetworkSettings] File [D:/Game Development/Unreal_EscapeGame/EscapeGame/Saved/Config/Windows/Engine.ini]
[2019.04.03-23.10.05:753][  0]LogConfig: Applying CVar settings from Section [/Script/UnrealEd.CookerSettings] File [D:/Game Development/Unreal_EscapeGame/EscapeGame/Saved/Config/Windows/Engine.ini]
[2019.04.03-23.10.05:757][  0]LogConfig: Applying CVar settings from Section [ViewDistanceQuality@3] File [D:/Game Development/Unreal_EscapeGame/EscapeGame/Saved/Config/Windows/Scalability.ini]
[2019.04.03-23.10.05:757][  0]LogConfig: Setting CVar [[r.SkeletalMeshLODBias:0]]
[2019.04.03-23.10.05:757][  0]LogConfig: Setting CVar [[r.ViewDistanceScale:1.0]]
[2019.04.03-23.10.05:757][  0]LogConfig: Applying CVar settings from Section [AntiAliasingQuality@3] File [D:/Game Development/Unreal_EscapeGame/EscapeGame/Saved/Config/Windows/Scalability.ini]
[2019.04.03-23.10.05:757][  0]LogConfig: Setting CVar [[r.PostProcessAAQuality:4]]
[2019.04.03-23.10.05:757][  0]LogConfig: Applying CVar settings from Section [ShadowQuality@3] File [D:/Game Development/Unreal_EscapeGame/EscapeGame/Saved/Config/Windows/Scalability.ini]
[2019.04.03-23.10.05:757][  0]LogConfig: Setting CVar [[r.LightFunctionQuality:1]]
[2019.04.03-23.10.05:757][  0]LogConfig: Setting CVar [[r.ShadowQuality:5]]
[2019.04.03-23.10.05:758][  0]LogConfig: Setting CVar [[r.Shadow.CSM.MaxCascades:10]]
[2019.04.03-23.10.05:758][  0]LogConfig: Setting CVar [[r.Shadow.MaxResolution:2048]]
[2019.04.03-23.10.05:758][  0]LogConfig: Setting CVar [[r.Shadow.MaxCSMResolution:2048]]
[2019.04.03-23.10.05:758][  0]LogConfig: Setting CVar [[r.Shadow.RadiusThreshold:0.01]]
[2019.04.03-23.10.05:758][  0]LogConfig: Setting CVar [[r.Shadow.DistanceScale:1.0]]
[2019.04.03-23.10.05:758][  0]LogConfig: Setting CVar [[r.Shadow.CSM.TransitionScale:1.0]]
[2019.04.03-23.10.05:758][  0]LogConfig: Setting CVar [[r.Shadow.PreShadowResolutionFactor:1.0]]
[2019.04.03-23.10.05:758][  0]LogConfig: Setting CVar [[r.DistanceFieldShadowing:1]]
[2019.04.03-23.10.05:758][  0]LogConfig: Setting CVar [[r.DistanceFieldAO:1]]
[2019.04.03-23.10.05:758][  0]LogConfig: Setting CVar [[r.AOQuality:2]]
[2019.04.03-23.10.05:758][  0]LogConfig: Setting CVar [[r.VolumetricFog:1]]
[2019.04.03-23.10.05:758][  0]LogConfig: Setting CVar [[r.VolumetricFog.GridPixelSize:8]]
[2019.04.03-23.10.05:758][  0]LogConfig: Setting CVar [[r.VolumetricFog.GridSizeZ:128]]
[2019.04.03-23.10.05:758][  0]LogConfig: Setting CVar [[r.VolumetricFog.HistoryMissSupersampleCount:4]]
[2019.04.03-23.10.05:758][  0]LogConfig: Setting CVar [[r.LightMaxDrawDistanceScale:1]]
[2019.04.03-23.10.05:758][  0]LogConfig: Setting CVar [[r.CapsuleShadows:1]]
[2019.04.03-23.10.05:758][  0]LogConfig: Applying CVar settings from Section [PostProcessQuality@3] File [D:/Game Development/Unreal_EscapeGame/EscapeGame/Saved/Config/Windows/Scalability.ini]
[2019.04.03-23.10.05:758][  0]LogConfig: Setting CVar [[r.MotionBlurQuality:4]]
[2019.04.03-23.10.05:758][  0]LogConfig: Setting CVar [[r.AmbientOcclusionMipLevelFactor:0.4]]
[2019.04.03-23.10.05:758][  0]LogConfig: Setting CVar [[r.AmbientOcclusionMaxQuality:100]]
[2019.04.03-23.10.05:758][  0]LogConfig: Setting CVar [[r.AmbientOcclusionLevels:-1]]
[2019.04.03-23.10.05:758][  0]LogConfig: Setting CVar [[r.AmbientOcclusionRadiusScale:1.0]]
[2019.04.03-23.10.05:758][  0]LogConfig: Setting CVar [[r.DepthOfFieldQuality:2]]
[2019.04.03-23.10.05:758][  0]LogConfig: Setting CVar [[r.RenderTargetPoolMin:400]]
[2019.04.03-23.10.05:758][  0]LogConfig: Setting CVar [[r.LensFlareQuality:2]]
[2019.04.03-23.10.05:758][  0]LogConfig: Setting CVar [[r.SceneColorFringeQuality:1]]
[2019.04.03-23.10.05:758][  0]LogConfig: Setting CVar [[r.EyeAdaptationQuality:2]]
[2019.04.03-23.10.05:758][  0]LogConfig: Setting CVar [[r.BloomQuality:5]]
[2019.04.03-23.10.05:758][  0]LogConfig: Setting CVar [[r.FastBlurThreshold:100]]
[2019.04.03-23.10.05:758][  0]LogConfig: Setting CVar [[r.Upscale.Quality:3]]
[2019.04.03-23.10.05:758][  0]LogConfig: Setting CVar [[r.Tonemapper.GrainQuantization:1]]
[2019.04.03-23.10.05:758][  0]LogConfig: Setting CVar [[r.LightShaftQuality:1]]
[2019.04.03-23.10.05:758][  0]LogConfig: Setting CVar [[r.Filter.SizeScale:1]]
[2019.04.03-23.10.05:758][  0]LogConfig: Setting CVar [[r.Tonemapper.Quality:5]]
[2019.04.03-23.10.05:758][  0]LogConfig: Setting CVar [[r.DOF.Gather.AccumulatorQuality:1        ; higher gathering accumulator quality]]
[2019.04.03-23.10.05:758][  0]LogConfig: Setting CVar [[r.DOF.Gather.PostfilterMethod:1          ; Median3x3 postfilering method]]
[2019.04.03-23.10.05:758][  0]LogConfig: Setting CVar [[r.DOF.Gather.EnableBokehSettings:0       ; no bokeh simulation when gathering]]
[2019.04.03-23.10.05:758][  0]LogConfig: Setting CVar [[r.DOF.Gather.RingCount:4                 ; medium number of samples when gathering]]
[2019.04.03-23.10.05:758][  0]LogConfig: Setting CVar [[r.DOF.Scatter.ForegroundCompositing:1    ; additive foreground scattering]]
[2019.04.03-23.10.05:758][  0]LogConfig: Setting CVar [[r.DOF.Scatter.BackgroundCompositing:2    ; additive background scattering]]
[2019.04.03-23.10.05:758][  0]LogConfig: Setting CVar [[r.DOF.Scatter.EnableBokehSettings:1      ; bokeh simulation when scattering]]
[2019.04.03-23.10.05:758][  0]LogConfig: Setting CVar [[r.DOF.Scatter.MaxSpriteRatio:0.1         ; only a maximum of 10% of scattered bokeh]]
[2019.04.03-23.10.05:758][  0]LogConfig: Setting CVar [[r.DOF.Recombine.Quality:1                ; cheap slight out of focus]]
[2019.04.03-23.10.05:758][  0]LogConfig: Setting CVar [[r.DOF.Recombine.EnableBokehSettings:0    ; no bokeh simulation on slight out of focus]]
[2019.04.03-23.10.05:758][  0]LogConfig: Setting CVar [[r.DOF.TemporalAAQuality:1                ; more stable temporal accumulation]]
[2019.04.03-23.10.05:758][  0]LogConfig: Setting CVar [[r.DOF.Kernel.MaxForegroundRadius:0.025]]
[2019.04.03-23.10.05:758][  0]LogConfig: Setting CVar [[r.DOF.Kernel.MaxBackgroundRadius:0.025]]
[2019.04.03-23.10.05:758][  0]LogConfig: Applying CVar settings from Section [TextureQuality@3] File [D:/Game Development/Unreal_EscapeGame/EscapeGame/Saved/Config/Windows/Scalability.ini]
[2019.04.03-23.10.05:758][  0]LogConfig: Setting CVar [[r.Streaming.MipBias:0]]
[2019.04.03-23.10.05:758][  0]LogConfig: Setting CVar [[r.Streaming.AmortizeCPUToGPUCopy:0]]
[2019.04.03-23.10.05:758][  0]LogConfig: Setting CVar [[r.Streaming.MaxNumTexturesToStreamPerFrame:0]]
[2019.04.03-23.10.05:758][  0]LogConfig: Setting CVar [[r.Streaming.Boost:1]]
[2019.04.03-23.10.05:758][  0]LogConfig: Setting CVar [[r.MaxAnisotropy:8]]
[2019.04.03-23.10.05:758][  0]LogConfig: Setting CVar [[r.Streaming.LimitPoolSizeToVRAM:0]]
[2019.04.03-23.10.05:758][  0]LogConfig: Setting CVar [[r.Streaming.PoolSize:1000]]
[2019.04.03-23.10.05:758][  0]LogConfig: Setting CVar [[r.Streaming.MaxEffectiveScreenSize:0]]
[2019.04.03-23.10.05:758][  0]LogConfig: Applying CVar settings from Section [EffectsQuality@3] File [D:/Game Development/Unreal_EscapeGame/EscapeGame/Saved/Config/Windows/Scalability.ini]
[2019.04.03-23.10.05:758][  0]LogConfig: Setting CVar [[r.TranslucencyLightingVolumeDim:64]]
[2019.04.03-23.10.05:758][  0]LogConfig: Setting CVar [[r.RefractionQuality:2]]
[2019.04.03-23.10.05:758][  0]LogConfig: Setting CVar [[r.SSR.Quality:3]]
[2019.04.03-23.10.05:758][  0]LogConfig: Setting CVar [[r.SceneColorFormat:4]]
[2019.04.03-23.10.05:758][  0]LogConfig: Setting CVar [[r.DetailMode:2]]
[2019.04.03-23.10.05:758][  0]LogConfig: Setting CVar [[r.TranslucencyVolumeBlur:1]]
[2019.04.03-23.10.05:758][  0]LogConfig: Setting CVar [[r.MaterialQualityLevel:1 ; High quality]]
[2019.04.03-23.10.05:758][  0]LogConfig: Setting CVar [[r.SSS.Scale:1]]
[2019.04.03-23.10.05:758][  0]LogConfig: Setting CVar [[r.SSS.SampleSet:2]]
[2019.04.03-23.10.05:758][  0]LogConfig: Setting CVar [[r.SSS.Quality:1]]
[2019.04.03-23.10.05:758][  0]LogConfig: Setting CVar [[r.SSS.HalfRes:1]]
[2019.04.03-23.10.05:758][  0]LogConfig: Setting CVar [[r.EmitterSpawnRateScale:1.0]]
[2019.04.03-23.10.05:758][  0]LogConfig: Setting CVar [[r.ParticleLightQuality:2]]
[2019.04.03-23.10.05:758][  0]LogConfig: Applying CVar settings from Section [FoliageQuality@3] File [D:/Game Development/Unreal_EscapeGame/EscapeGame/Saved/Config/Windows/Scalability.ini]
[2019.04.03-23.10.05:758][  0]LogConfig: Setting CVar [[foliage.DensityScale:1.0]]
[2019.04.03-23.10.05:758][  0]LogConfig: Setting CVar [[grass.DensityScale:1.0]]
[2019.04.03-23.10.05:758][  0]LogInit: Selected Device Profile: [Windows]
[2019.04.03-23.10.05:758][  0]LogInit: Applying CVar settings loaded from the selected device profile: [Windows]
[2019.04.03-23.10.05:767][  0]LogHAL: Display: Platform has ~ 16 GB [17138212864 / 17179869184 / 16], which maps to Larger [LargestMinGB=32, LargerMinGB=12, DefaultMinGB=8, SmallerMinGB=6, SmallestMinGB=0)
[2019.04.03-23.10.05:767][  0]LogConfig: Setting CVar [[r.Vulkan.UseRealUBs:1]]
[2019.04.03-23.10.05:767][  0]LogInit: Going up to parent DeviceProfile []
[2019.04.03-23.10.05:767][  0]LogConfig: Applying CVar settings from Section [ViewDistanceQuality@3] File [D:/Game Development/Unreal_EscapeGame/EscapeGame/Saved/Config/Windows/Scalability.ini]
[2019.04.03-23.10.05:767][  0]LogConfig: Setting CVar [[r.SkeletalMeshLODBias:0]]
[2019.04.03-23.10.05:767][  0]LogConfig: Setting CVar [[r.ViewDistanceScale:1.0]]
[2019.04.03-23.10.05:767][  0]LogConfig: Applying CVar settings from Section [AntiAliasingQuality@3] File [D:/Game Development/Unreal_EscapeGame/EscapeGame/Saved/Config/Windows/Scalability.ini]
[2019.04.03-23.10.05:767][  0]LogConfig: Setting CVar [[r.PostProcessAAQuality:4]]
[2019.04.03-23.10.05:767][  0]LogConfig: Applying CVar settings from Section [ShadowQuality@3] File [D:/Game Development/Unreal_EscapeGame/EscapeGame/Saved/Config/Windows/Scalability.ini]
[2019.04.03-23.10.05:767][  0]LogConfig: Setting CVar [[r.LightFunctionQuality:1]]
[2019.04.03-23.10.05:767][  0]LogConfig: Setting CVar [[r.ShadowQuality:5]]
[2019.04.03-23.10.05:767][  0]LogConfig: Setting CVar [[r.Shadow.CSM.MaxCascades:10]]
[2019.04.03-23.10.05:767][  0]LogConfig: Setting CVar [[r.Shadow.MaxResolution:2048]]
[2019.04.03-23.10.05:767][  0]LogConfig: Setting CVar [[r.Shadow.MaxCSMResolution:2048]]
[2019.04.03-23.10.05:767][  0]LogConfig: Setting CVar [[r.Shadow.RadiusThreshold:0.01]]
[2019.04.03-23.10.05:767][  0]LogConfig: Setting CVar [[r.Shadow.DistanceScale:1.0]]
[2019.04.03-23.10.05:767][  0]LogConfig: Setting CVar [[r.Shadow.CSM.TransitionScale:1.0]]
[2019.04.03-23.10.05:767][  0]LogConfig: Setting CVar [[r.Shadow.PreShadowResolutionFactor:1.0]]
[2019.04.03-23.10.05:767][  0]LogConfig: Setting CVar [[r.DistanceFieldShadowing:1]]
[2019.04.03-23.10.05:767][  0]LogConfig: Setting CVar [[r.DistanceFieldAO:1]]
[2019.04.03-23.10.05:767][  0]LogConfig: Setting CVar [[r.AOQuality:2]]
[2019.04.03-23.10.05:767][  0]LogConfig: Setting CVar [[r.VolumetricFog:1]]
[2019.04.03-23.10.05:767][  0]LogConfig: Setting CVar [[r.VolumetricFog.GridPixelSize:8]]
[2019.04.03-23.10.05:768][  0]LogConfig: Setting CVar [[r.VolumetricFog.GridSizeZ:128]]
[2019.04.03-23.10.05:768][  0]LogConfig: Setting CVar [[r.VolumetricFog.HistoryMissSupersampleCount:4]]
[2019.04.03-23.10.05:768][  0]LogConfig: Setting CVar [[r.LightMaxDrawDistanceScale:1]]
[2019.04.03-23.10.05:768][  0]LogConfig: Setting CVar [[r.CapsuleShadows:1]]
[2019.04.03-23.10.05:768][  0]LogConfig: Applying CVar settings from Section [PostProcessQuality@3] File [D:/Game Development/Unreal_EscapeGame/EscapeGame/Saved/Config/Windows/Scalability.ini]
[2019.04.03-23.10.05:768][  0]LogConfig: Setting CVar [[r.MotionBlurQuality:4]]
[2019.04.03-23.10.05:768][  0]LogConfig: Setting CVar [[r.AmbientOcclusionMipLevelFactor:0.4]]
[2019.04.03-23.10.05:768][  0]LogConfig: Setting CVar [[r.AmbientOcclusionMaxQuality:100]]
[2019.04.03-23.10.05:768][  0]LogConfig: Setting CVar [[r.AmbientOcclusionLevels:-1]]
[2019.04.03-23.10.05:768][  0]LogConfig: Setting CVar [[r.AmbientOcclusionRadiusScale:1.0]]
[2019.04.03-23.10.05:768][  0]LogConfig: Setting CVar [[r.DepthOfFieldQuality:2]]
[2019.04.03-23.10.05:768][  0]LogConfig: Setting CVar [[r.RenderTargetPoolMin:400]]
[2019.04.03-23.10.05:768][  0]LogConfig: Setting CVar [[r.LensFlareQuality:2]]
[2019.04.03-23.10.05:768][  0]LogConfig: Setting CVar [[r.SceneColorFringeQuality:1]]
[2019.04.03-23.10.05:768][  0]LogConfig: Setting CVar [[r.EyeAdaptationQuality:2]]
[2019.04.03-23.10.05:768][  0]LogConfig: Setting CVar [[r.BloomQuality:5]]
[2019.04.03-23.10.05:768][  0]LogConfig: Setting CVar [[r.FastBlurThreshold:100]]
[2019.04.03-23.10.05:768][  0]LogConfig: Setting CVar [[r.Upscale.Quality:3]]
[2019.04.03-23.10.05:768][  0]LogConfig: Setting CVar [[r.Tonemapper.GrainQuantization:1]]
[2019.04.03-23.10.05:768][  0]LogConfig: Setting CVar [[r.LightShaftQuality:1]]
[2019.04.03-23.10.05:768][  0]LogConfig: Setting CVar [[r.Filter.SizeScale:1]]
[2019.04.03-23.10.05:768][  0]LogConfig: Setting CVar [[r.Tonemapper.Quality:5]]
[2019.04.03-23.10.05:768][  0]LogConfig: Setting CVar [[r.DOF.Gather.AccumulatorQuality:1        ; higher gathering accumulator quality]]
[2019.04.03-23.10.05:768][  0]LogConfig: Setting CVar [[r.DOF.Gather.PostfilterMethod:1          ; Median3x3 postfilering method]]
[2019.04.03-23.10.05:768][  0]LogConfig: Setting CVar [[r.DOF.Gather.EnableBokehSettings:0       ; no bokeh simulation when gathering]]
[2019.04.03-23.10.05:768][  0]LogConfig: Setting CVar [[r.DOF.Gather.RingCount:4                 ; medium number of samples when gathering]]
[2019.04.03-23.10.05:768][  0]LogConfig: Setting CVar [[r.DOF.Scatter.ForegroundCompositing:1    ; additive foreground scattering]]
[2019.04.03-23.10.05:768][  0]LogConfig: Setting CVar [[r.DOF.Scatter.BackgroundCompositing:2    ; additive background scattering]]
[2019.04.03-23.10.05:768][  0]LogConfig: Setting CVar [[r.DOF.Scatter.EnableBokehSettings:1      ; bokeh simulation when scattering]]
[2019.04.03-23.10.05:768][  0]LogConfig: Setting CVar [[r.DOF.Scatter.MaxSpriteRatio:0.1         ; only a maximum of 10% of scattered bokeh]]
[2019.04.03-23.10.05:768][  0]LogConfig: Setting CVar [[r.DOF.Recombine.Quality:1                ; cheap slight out of focus]]
[2019.04.03-23.10.05:768][  0]LogConfig: Setting CVar [[r.DOF.Recombine.EnableBokehSettings:0    ; no bokeh simulation on slight out of focus]]
[2019.04.03-23.10.05:768][  0]LogConfig: Setting CVar [[r.DOF.TemporalAAQuality:1                ; more stable temporal accumulation]]
[2019.04.03-23.10.05:768][  0]LogConfig: Setting CVar [[r.DOF.Kernel.MaxForegroundRadius:0.025]]
[2019.04.03-23.10.05:768][  0]LogConfig: Setting CVar [[r.DOF.Kernel.MaxBackgroundRadius:0.025]]
[2019.04.03-23.10.05:768][  0]LogConfig: Applying CVar settings from Section [TextureQuality@3] File [D:/Game Development/Unreal_EscapeGame/EscapeGame/Saved/Config/Windows/Scalability.ini]
[2019.04.03-23.10.05:768][  0]LogConfig: Setting CVar [[r.Streaming.MipBias:0]]
[2019.04.03-23.10.05:768][  0]LogConfig: Setting CVar [[r.Streaming.AmortizeCPUToGPUCopy:0]]
[2019.04.03-23.10.05:768][  0]LogConfig: Setting CVar [[r.Streaming.MaxNumTexturesToStreamPerFrame:0]]
[2019.04.03-23.10.05:768][  0]LogConfig: Setting CVar [[r.Streaming.Boost:1]]
[2019.04.03-23.10.05:768][  0]LogConfig: Setting CVar [[r.MaxAnisotropy:8]]
[2019.04.03-23.10.05:768][  0]LogConfig: Setting CVar [[r.Streaming.LimitPoolSizeToVRAM:0]]
[2019.04.03-23.10.05:768][  0]LogConfig: Setting CVar [[r.Streaming.PoolSize:1000]]
[2019.04.03-23.10.05:768][  0]LogConfig: Setting CVar [[r.Streaming.MaxEffectiveScreenSize:0]]
[2019.04.03-23.10.05:768][  0]LogConfig: Applying CVar settings from Section [EffectsQuality@3] File [D:/Game Development/Unreal_EscapeGame/EscapeGame/Saved/Config/Windows/Scalability.ini]
[2019.04.03-23.10.05:768][  0]LogConfig: Setting CVar [[r.TranslucencyLightingVolumeDim:64]]
[2019.04.03-23.10.05:768][  0]LogConfig: Setting CVar [[r.RefractionQuality:2]]
[2019.04.03-23.10.05:768][  0]LogConfig: Setting CVar [[r.SSR.Quality:3]]
[2019.04.03-23.10.05:768][  0]LogConfig: Setting CVar [[r.SceneColorFormat:4]]
[2019.04.03-23.10.05:768][  0]LogConfig: Setting CVar [[r.DetailMode:2]]
[2019.04.03-23.10.05:768][  0]LogConfig: Setting CVar [[r.TranslucencyVolumeBlur:1]]
[2019.04.03-23.10.05:768][  0]LogConfig: Setting CVar [[r.MaterialQualityLevel:1 ; High quality]]
[2019.04.03-23.10.05:768][  0]LogConfig: Setting CVar [[r.SSS.Scale:1]]
[2019.04.03-23.10.05:768][  0]LogConfig: Setting CVar [[r.SSS.SampleSet:2]]
[2019.04.03-23.10.05:768][  0]LogConfig: Setting CVar [[r.SSS.Quality:1]]
[2019.04.03-23.10.05:768][  0]LogConfig: Setting CVar [[r.SSS.HalfRes:1]]
[2019.04.03-23.10.05:768][  0]LogConfig: Setting CVar [[r.EmitterSpawnRateScale:1.0]]
[2019.04.03-23.10.05:768][  0]LogConfig: Setting CVar [[r.ParticleLightQuality:2]]
[2019.04.03-23.10.05:768][  0]LogConfig: Applying CVar settings from Section [FoliageQuality@3] File [D:/Game Development/Unreal_EscapeGame/EscapeGame/Saved/Config/Windows/Scalability.ini]
[2019.04.03-23.10.05:768][  0]LogConfig: Setting CVar [[foliage.DensityScale:1.0]]
[2019.04.03-23.10.05:768][  0]LogConfig: Setting CVar [[grass.DensityScale:1.0]]
[2019.04.03-23.10.05:768][  0]LogConfig: Applying CVar settings from Section [Startup] File [../../../Engine/Config/ConsoleVariables.ini]
[2019.04.03-23.10.05:768][  0]LogConfig: Setting CVar [[net.UseAdaptiveNetUpdateFrequency:0]]
[2019.04.03-23.10.05:768][  0]LogConfig: Applying CVar settings from Section [ConsoleVariables] File [D:/Game Development/Unreal_EscapeGame/EscapeGame/Saved/Config/Windows/Engine.ini]
[2019.04.03-23.10.05:768][  0]LogInit: Computer: KADRAZA-PC
[2019.04.03-23.10.05:768][  0]LogInit: User: caleb
[2019.04.03-23.10.05:768][  0]LogInit: CPU Page size=4096, Cores=6
[2019.04.03-23.10.05:768][  0]LogInit: High frequency timer resolution =10.000000 MHz
[2019.04.03-23.10.05:769][  0]LogMemory: Memory total: Physical=16.0GB (16GB approx)
[2019.04.03-23.10.05:769][  0]LogMemory: Platform Memory Stats for Windows
[2019.04.03-23.10.05:769][  0]LogMemory: Process Physical Memory: 103.41 MB used, 103.42 MB peak
[2019.04.03-23.10.05:769][  0]LogMemory: Process Virtual Memory: 86.14 MB used, 86.14 MB peak
[2019.04.03-23.10.05:769][  0]LogMemory: Physical Memory: 10023.58 MB used,  6320.69 MB free, 16344.27 MB total
[2019.04.03-23.10.05:769][  0]LogMemory: Virtual Memory: 4662.29 MB used,  134213064.00 MB free, 134217728.00 MB total
[2019.04.03-23.10.05:782][  0]LogInit: Using OS detected language (en-US).
[2019.04.03-23.10.05:782][  0]LogInit: Using OS detected locale (en-CA).
[2019.04.03-23.10.05:783][  0]LogTextLocalizationManager: No specific localization for 'en-US' exists, so the 'en' localization will be used.
[2019.04.03-23.10.06:087][  0]LogStreaming: Display: Took  0.305s to InitEngineTextLocalization.
[2019.04.03-23.10.06:087][  0]LogInit: Setting process to per monitor DPI aware
[2019.04.03-23.10.06:108][  0]LogSlate: New Slate User Created.  User Index 0, Is Virtual User: 0
[2019.04.03-23.10.06:108][  0]LogSlate: Slate User Registered.  User Index 0, Is Virtual User: 0
[2019.04.03-23.10.06:351][  0]LogHMD: Failed to initialize OpenVR with code 110
[2019.04.03-23.10.06:351][  0]LogD3D11RHI: D3D11 adapters:
[2019.04.03-23.10.06:395][  0]LogD3D11RHI:    0. 'NVIDIA GeForce GTX 1080 Ti' (Feature Level 11_0)
[2019.04.03-23.10.06:395][  0]LogD3D11RHI:       11127/0/8172 MB DedicatedVideo/DedicatedSystem/SharedSystem, Outputs:2, VendorId:0x10de
[2019.04.03-23.10.06:396][  0]LogD3D11RHI:    1. 'Microsoft Basic Render Driver' (Feature Level 11_0)
[2019.04.03-23.10.06:396][  0]LogD3D11RHI:       0/0/8172 MB DedicatedVideo/DedicatedSystem/SharedSystem, Outputs:0, VendorId:0x1414
[2019.04.03-23.10.06:396][  0]LogD3D11RHI: Chosen D3D11 Adapter: 0
[2019.04.03-23.10.06:406][  0]LogD3D11RHI: Creating new Direct3DDevice
[2019.04.03-23.10.06:406][  0]LogD3D11RHI:     GPU DeviceId: 0x1b06 (for the marketing name, search the web for "GPU Device Id")
[2019.04.03-23.10.06:406][  0]LogWindows: EnumDisplayDevices:
[2019.04.03-23.10.06:406][  0]LogWindows:    0. 'NVIDIA GeForce GTX 1080 Ti' (P:1 D:1)
[2019.04.03-23.10.06:406][  0]LogWindows:    1. 'NVIDIA GeForce GTX 1080 Ti' (P:0 D:1)
[2019.04.03-23.10.06:406][  0]LogWindows:    2. 'NVIDIA GeForce GTX 1080 Ti' (P:0 D:0)
[2019.04.03-23.10.06:407][  0]LogWindows:    3. 'NVIDIA GeForce GTX 1080 Ti' (P:0 D:0)
[2019.04.03-23.10.06:407][  0]LogWindows: DebugString: FoundDriverCount:4 
[2019.04.03-23.10.06:407][  0]LogD3D11RHI:     Adapter Name: NVIDIA GeForce GTX 1080 Ti
[2019.04.03-23.10.06:407][  0]LogD3D11RHI:   Driver Version: 416.94 (internal:25.21.14.1694, unified:416.94)
[2019.04.03-23.10.06:407][  0]LogD3D11RHI:      Driver Date: 11-12-2018
[2019.04.03-23.10.06:407][  0]LogRHI: Texture pool is 7788 MB (70% of 11127 MB)
[2019.04.03-23.10.06:437][  0]LogD3D11RHI: Async texture creation enabled
[2019.04.03-23.10.06:462][  0]LogD3D11RHI: GPU Timing Frequency: 1000.000000 (Debug: 2 2)
[2019.04.03-23.10.06:782][  0]LogTemp: Display: Loaded TP AllDesktopTargetPlatform
[2019.04.03-23.10.06:791][  0]LogTemp: Display: Loaded TP MacClientTargetPlatform
[2019.04.03-23.10.06:800][  0]LogTemp: Display: Loaded TP MacNoEditorTargetPlatform
[2019.04.03-23.10.06:809][  0]LogTemp: Display: Loaded TP MacServerTargetPlatform
[2019.04.03-23.10.06:818][  0]LogTemp: Display: Loaded TP MacTargetPlatform
[2019.04.03-23.10.06:827][  0]LogTemp: Display: Loaded TP WindowsClientTargetPlatform
[2019.04.03-23.10.06:842][  0]LogTemp: Display: Loaded TP WindowsNoEditorTargetPlatform
[2019.04.03-23.10.06:852][  0]LogTemp: Display: Loaded TP WindowsServerTargetPlatform
[2019.04.03-23.10.06:857][  0]LogTemp: Display: Loaded TP WindowsTargetPlatform
[2019.04.03-23.10.06:909][  0]LogTemp: Display: Loaded TP AndroidTargetPlatform
[2019.04.03-23.10.06:910][  0]LogTemp: Display: Loaded TP AndroidTargetPlatform
[2019.04.03-23.10.06:910][  0]LogTemp: Display: Loaded TP AndroidTargetPlatform
[2019.04.03-23.10.06:910][  0]LogTemp: Display: Loaded TP AndroidTargetPlatform
[2019.04.03-23.10.06:910][  0]LogTemp: Display: Loaded TP AndroidTargetPlatform
[2019.04.03-23.10.06:910][  0]LogTemp: Display: Loaded TP AndroidTargetPlatform
[2019.04.03-23.10.06:910][  0]LogTemp: Display: Loaded TP AndroidTargetPlatform
[2019.04.03-23.10.06:910][  0]LogTemp: Display: Loaded TP AndroidTargetPlatform
[2019.04.03-23.10.06:910][  0]LogTemp: Display: Loaded TP AndroidTargetPlatform
[2019.04.03-23.10.06:910][  0]LogTemp: Display: Loaded TP AndroidTargetPlatform
[2019.04.03-23.10.06:910][  0]LogTemp: Display: Loaded TP AndroidTargetPlatform
[2019.04.03-23.10.06:910][  0]LogTemp: Display: Loaded TP AndroidTargetPlatform
[2019.04.03-23.10.06:910][  0]LogTemp: Display: Loaded TP AndroidTargetPlatform
[2019.04.03-23.10.06:910][  0]LogTemp: Display: Loaded TP AndroidTargetPlatform
[2019.04.03-23.10.06:910][  0]LogTemp: Display: Loaded TP AndroidTargetPlatform
[2019.04.03-23.10.06:910][  0]LogTemp: Display: Loaded TP AndroidTargetPlatform
[2019.04.03-23.10.06:910][  0]LogTemp: Display: Loaded TP AndroidTargetPlatform
[2019.04.03-23.10.06:910][  0]LogTemp: Display: Loaded TP AndroidTargetPlatform
[2019.04.03-23.10.06:911][  0]LogTemp: Display: Loaded TP HTML5TargetPlatform
[2019.04.03-23.10.06:961][  0]LogTemp: Display: Loaded TP IOSTargetPlatform
[2019.04.03-23.10.06:961][  0]LogTemp: Display: Loaded TP IOSTargetPlatform
[2019.04.03-23.10.06:978][  0]LogTemp: Display: Loaded TP TVOSTargetPlatform
[2019.04.03-23.10.06:978][  0]LogTemp: Display: Loaded TP TVOSTargetPlatform
[2019.04.03-23.10.06:987][  0]LogTemp: Display: Loaded TP LinuxClientTargetPlatform
[2019.04.03-23.10.06:995][  0]LogTemp: Display: Loaded TP LinuxNoEditorTargetPlatform
[2019.04.03-23.10.07:004][  0]LogTemp: Display: Loaded TP LinuxServerTargetPlatform
[2019.04.03-23.10.07:013][  0]LogTemp: Display: Loaded TP LinuxTargetPlatform
[2019.04.03-23.10.07:045][  0]LogTemp: Display: Loaded TP LuminTargetPlatform
[2019.04.03-23.10.07:045][  0]LogTemp: Display: Loaded TP LuminTargetPlatform
[2019.04.03-23.10.07:045][  0]LogTargetPlatformManager: Display: Building Assets For Windows
[2019.04.03-23.10.07:078][  0]LogShaderCompilers: Guid format shader working directory is -18 characters bigger than the processId version (../../../../../../Game Development/Unreal_EscapeGame/EscapeGame/Intermediate/Shaders/WorkingDirectory/24968/).
[2019.04.03-23.10.07:078][  0]LogShaderCompilers: Cleaned the shader compiler working directory 'C:/Users/caleb/AppData/Local/Temp/UnrealShaderWorkingDir/B638329443618FAF6484A5ABFD4AA022/'.
[2019.04.03-23.10.07:080][  0]LogXGEController: Cleaning working directory: C:/Users/caleb/AppData/Local/Temp/UnrealXGEWorkingDir/
[2019.04.03-23.10.07:080][  0]LogXGEController: Cannot use XGE Controller as Incredibuild is not installed on this machine.
[2019.04.03-23.10.07:080][  0]LogShaderCompilers: Cannot use XGE Shader Compiler as Incredibuild is not installed on this machine.
[2019.04.03-23.10.07:080][  0]LogShaderCompilers: Display: Using Local Shader Compiler.
[2019.04.03-23.10.07:536][  0]LogDerivedDataCache: Display: Max Cache Size: 512 MB
[2019.04.03-23.10.07:581][  0]LogDerivedDataCache: Loaded boot cache 0.04s 71MB C:/Users/caleb/AppData/Local/UnrealEngine/4.21/DerivedDataCache/Boot.ddc.
[2019.04.03-23.10.07:581][  0]LogDerivedDataCache: Display: Loaded Boot cache: C:/Users/caleb/AppData/Local/UnrealEngine/4.21/DerivedDataCache/Boot.ddc
[2019.04.03-23.10.07:581][  0]LogDerivedDataCache: FDerivedDataBackendGraph:  Pak pak cache file ../../../../../../Game Development/Unreal_EscapeGame/EscapeGame/DerivedDataCache/DDC.ddp not found, will not use a pak cache.
[2019.04.03-23.10.07:581][  0]LogDerivedDataCache: Unable to find inner node Pak for hierarchical cache Hierarchy.
[2019.04.03-23.10.07:581][  0]LogDerivedDataCache: FDerivedDataBackendGraph:  CompressedPak pak cache file ../../../../../../Game Development/Unreal_EscapeGame/EscapeGame/DerivedDataCache/Compressed.ddp not found, will not use a pak cache.
[2019.04.03-23.10.07:581][  0]LogDerivedDataCache: Unable to find inner node CompressedPak for hierarchical cache Hierarchy.
[2019.04.03-23.10.07:593][  0]LogDerivedDataCache: Display: Pak cache opened for reading ../../../Engine/DerivedDataCache/Compressed.ddp.
[2019.04.03-23.10.07:593][  0]LogDerivedDataCache: FDerivedDataBackendGraph:  EnterprisePak pak cache file ../../../Enterprise/DerivedDataCache/Compressed.ddp not found, will not use a pak cache.
[2019.04.03-23.10.07:593][  0]LogDerivedDataCache: Unable to find inner node EnterprisePak for hierarchical cache Hierarchy.
[2019.04.03-23.10.07:605][  0]LogDerivedDataCache: Using Local data cache path C:/Users/caleb/AppData/Local/UnrealEngine/Common/DerivedDataCache: Writable
[2019.04.03-23.10.07:605][  0]LogDerivedDataCache: Shared data cache path not found in *engine.ini, will not use an Shared cache.
[2019.04.03-23.10.07:605][  0]LogDerivedDataCache: Unable to find inner node Shared for hierarchical cache Hierarchy.
[2019.04.03-23.10.07:622][  0]LogMaterial: Verifying Global Shaders for PCD3D_SM5
[2019.04.03-23.10.07:623][  0]LogSlate: Using FreeType 2.6.0
[2019.04.03-23.10.07:624][  0]LogSlate: SlateFontServices - WITH_FREETYPE: 1, WITH_HARFBUZZ: 1
[2019.04.03-23.10.07:702][  0]LogAssetRegistry: FAssetRegistry took 0.0303 seconds to start up
[2019.04.03-23.10.07:964][  0]LogInit: Selected Device Profile: [Windows]
[2019.04.03-23.10.08:080][  0]LogSimplygon: Simplygon DLL not present - disabling.
[2019.04.03-23.10.08:082][  0]LogMeshReduction: Using SimplygonSwarm for distributed automatic mesh merging
[2019.04.03-23.10.08:082][  0]LogMeshReduction: Using ProxyLODMeshReduction for automatic mesh merging
[2019.04.03-23.10.08:082][  0]LogMeshReduction: Using QuadricMeshReduction for automatic static mesh reduction
[2019.04.03-23.10.08:082][  0]LogMeshReduction: No automatic skeletal mesh reduction module available
[2019.04.03-23.10.08:092][  0]LogNetVersion: EscapeGame 1.0.0, NetCL: 4541578, EngineNetVer: 5, GameNetVer: 0 (Checksum: 1525800329)
[2019.04.03-23.10.08:533][  0]LogPackageLocalizationCache: Processed 11 localized package path(s) for 2 prioritized culture(s) in 0.087087 seconds
[2019.04.03-23.10.08:538][  0]LogUObjectArray: 39775 objects as part of root set at end of initial load.
[2019.04.03-23.10.08:538][  0]LogUObjectAllocator: 6914656 out of 0 bytes used by permanent object pool.
[2019.04.03-23.10.08:538][  0]LogUObjectArray: CloseDisregardForGC: 0/0 objects in disregard for GC pool
[2019.04.03-23.10.09:302][  0]LogTcpMessaging: Initializing TcpMessaging bridge
[2019.04.03-23.10.09:314][  0]LogUdpMessaging: Initializing bridge on interface 0.0.0.0:0 to multicast group 230.0.0.1:6666.
[2019.04.03-23.10.09:965][  0]SourceControl: Source control is disabled
[2019.04.03-23.10.09:965][  0]SourceControl: Source control is disabled
[2019.04.03-23.10.09:966][  0]SourceControl: Source control is disabled
[2019.04.03-23.10.09:967][  0]SourceControl: Source control is disabled
[2019.04.03-23.10.10:109][  0]LogAndroidPermission: UAndroidPermissionCallbackProxy::GetInstance
[2019.04.03-23.10.10:194][  0]LogOcInput: OculusInput pre-init called
[2019.04.03-23.10.10:312][  0]LogEngine: Initializing Engine...
[2019.04.03-23.10.10:312][  0]LogHMD: Failed to initialize OpenVR with code 110
[2019.04.03-23.10.10:313][  0]LogStats: UGameplayTagsManager::ConstructGameplayTagTree: ImportINI prefixes -  0.000 s
[2019.04.03-23.10.10:313][  0]LogStats: UGameplayTagsManager::ConstructGameplayTagTree: Construct from data asset -  0.000 s
[2019.04.03-23.10.10:313][  0]LogStats: UGameplayTagsManager::ConstructGameplayTagTree: ImportINI -  0.000 s
[2019.04.03-23.10.10:313][  0]LogStats: UGameplayTagsManager::ConstructGameplayTagTree: GameplayTagTreeChangedEvent.Broadcast -  0.000 s
[2019.04.03-23.10.10:497][  0]LogInit: Initializing FReadOnlyCVARCache
[2019.04.03-23.10.10:504][  0]LogAIModule: Creating AISystem for world Untitled
[2019.04.03-23.10.10:584][  0]LogInit: XAudio2 using 'Speakers (Realtek High Definition Audio)' : 2 channels at 48 kHz using 32 bits per sample (channel mask 0x3)
[2019.04.03-23.10.10:618][  0]LogInit: FAudioDevice initialized.
[2019.04.03-23.10.10:619][  0]LogNetVersion: Set ProjectVersion to 1.0.0.0. Version Checksum will be recalculated on next use.
[2019.04.03-23.10.10:665][  0]LogDerivedDataCache: Saved boot cache 0.05s 71MB C:/Users/caleb/AppData/Local/UnrealEngine/4.21/DerivedDataCache/Boot.ddc.
[2019.04.03-23.10.10:672][  0]LogInit: Texture streaming: Enabled
[2019.04.03-23.10.10:681][  0]LogEngineSessionManager: EngineSessionManager initialized
[2019.04.03-23.10.10:693][  0]LogInit: Transaction tracking system initialized
[2019.04.03-23.10.10:711][  0]BlueprintLog: New page: Editor Load
[2019.04.03-23.10.10:755][  0]LocalizationService: Localization service is disabled
[2019.04.03-23.10.11:122][  0]LogFileCache: Scanning file cache for directory 'D:/Game Development/Unreal_EscapeGame/EscapeGame/Content/' took 0.01s
[2019.04.03-23.10.11:122][  0]LogCook: Display: Max memory allowance for cook 16384mb min free memory 0mb
[2019.04.03-23.10.11:122][  0]LogCook: Display: Mobile HDR setting 1
[2019.04.03-23.10.11:122][  0]LogGameplayTags: Display: UGameplayTagsManager::DoneAddingNativeTags. DelegateIsBound: 0
[2019.04.03-23.10.11:122][  0]LogStats: UGameplayTagsManager::ConstructGameplayTagTree: ImportINI prefixes -  0.000 s
[2019.04.03-23.10.11:122][  0]LogStats: UGameplayTagsManager::ConstructGameplayTagTree: Construct from data asset -  0.000 s
[2019.04.03-23.10.11:122][  0]LogStats: UGameplayTagsManager::ConstructGameplayTagTree: ImportINI -  0.000 s
[2019.04.03-23.10.11:123][  0]LogStats: UGameplayTagsManager::ConstructGameplayTagTree: GameplayTagTreeChangedEvent.Broadcast -  0.000 s
[2019.04.03-23.10.11:226][  0]SourceControl: Source control is disabled
[2019.04.03-23.10.11:226][  0]Cmd: MAP LOAD FILE="../../../../../../Game Development/Unreal_EscapeGame/EscapeGame/Content/NewMap.umap" TEMPLATE=0 SHOWPROGRESS=1 FEATURELEVEL=3
[2019.04.03-23.10.11:227][  0]LightingResults: New page: Lighting Build
[2019.04.03-23.10.11:228][  0]MapCheck: New page: Map Check
[2019.04.03-23.10.11:228][  0]LightingResults: New page: Lighting Build
[2019.04.03-23.10.11:526][  0]LogAIModule: Creating AISystem for world NewMap
[2019.04.03-23.10.11:530][  0]LogEditorServer: Finished looking for orphan Actors (0.000 secs)
[2019.04.03-23.10.11:551][  0]Cmd: MAP CHECKDEP NOCLEARLOG
[2019.04.03-23.10.11:552][  0]MapCheck: Map check complete: 0 Error(s), 0 Warning(s), took 0.067ms to complete.
[2019.04.03-23.10.11:552][  0]LogFileHelpers: Loading map 'NewMap' took 0.325
[2019.04.03-23.10.11:615][  0]LogCollectionManager: Loaded 0 collections in 0.000820 seconds
[2019.04.03-23.10.11:650][  0]LogFileCache: Scanning file cache for directory 'D:/Game Development/Unreal_EscapeGame/EscapeGame/Saved/Collections/' took 0.01s
[2019.04.03-23.10.11:650][  0]LogFileCache: Scanning file cache for directory 'D:/Game Development/Unreal_EscapeGame/EscapeGame/Content/Developers/caleb/Collections/' took 0.01s
[2019.04.03-23.10.11:650][  0]LogFileCache: Scanning file cache for directory 'D:/Game Development/Unreal_EscapeGame/EscapeGame/Content/Collections/' took 0.01s
[2019.04.03-23.10.11:650][  0]LogCollectionManager: Rebuilt the GUID cache for 0 collections in 0.000000 seconds
[2019.04.03-23.10.11:657][  0]LogContentBrowser: Native class hierarchy populated in 0.0069 seconds. Added 2655 classes and 622 folders.
[2019.04.03-23.10.11:661][  0]LogContentBrowser: Native class hierarchy updated for 'WidgetCarousel' in 0.0003 seconds. Added 0 classes and 0 folders.
[2019.04.03-23.10.11:662][  0]LogPakFile: Registered encryption key '00000000000000000000000000000000': 0 pak files mounted, 0 remain pending
[2019.04.03-23.10.11:663][  0]LogPakFile: Registered encryption key '00000000000000000000000000000000': 0 pak files mounted, 0 remain pending
[2019.04.03-23.10.11:664][  0]LogPakFile: Registered encryption key '00000000000000000000000000000000': 0 pak files mounted, 0 remain pending
[2019.04.03-23.10.11:664][  0]LogPakFile: Registered encryption key '00000000000000000000000000000000': 0 pak files mounted, 0 remain pending
[2019.04.03-23.10.11:665][  0]LogPakFile: Registered encryption key '00000000000000000000000000000000': 0 pak files mounted, 0 remain pending
[2019.04.03-23.10.11:665][  0]LogPakFile: Registered encryption key '00000000000000000000000000000000': 0 pak files mounted, 0 remain pending
[2019.04.03-23.10.11:666][  0]LogPakFile: Registered encryption key '00000000000000000000000000000000': 0 pak files mounted, 0 remain pending
[2019.04.03-23.10.11:666][  0]LogPakFile: Registered encryption key '00000000000000000000000000000000': 0 pak files mounted, 0 remain pending
[2019.04.03-23.10.11:667][  0]LogPakFile: Registered encryption key '00000000000000000000000000000000': 0 pak files mounted, 0 remain pending
[2019.04.03-23.10.11:667][  0]LogPakFile: Registered encryption key '00000000000000000000000000000000': 0 pak files mounted, 0 remain pending
[2019.04.03-23.10.11:668][  0]LogPakFile: Registered encryption key '00000000000000000000000000000000': 0 pak files mounted, 0 remain pending
[2019.04.03-23.10.11:668][  0]LogPakFile: Registered encryption key '00000000000000000000000000000000': 0 pak files mounted, 0 remain pending
[2019.04.03-23.10.11:669][  0]LogPakFile: Registered encryption key '00000000000000000000000000000000': 0 pak files mounted, 0 remain pending
[2019.04.03-23.10.11:669][  0]LogPakFile: Registered encryption key '00000000000000000000000000000000': 0 pak files mounted, 0 remain pending
[2019.04.03-23.10.11:670][  0]LogPakFile: Registered encryption key '00000000000000000000000000000000': 0 pak files mounted, 0 remain pending
[2019.04.03-23.10.11:670][  0]LogPakFile: Registered encryption key '00000000000000000000000000000000': 0 pak files mounted, 0 remain pending
[2019.04.03-23.10.11:671][  0]LogPakFile: Registered encryption key '00000000000000000000000000000000': 0 pak files mounted, 0 remain pending
[2019.04.03-23.10.11:671][  0]LogPakFile: Registered encryption key '00000000000000000000000000000000': 0 pak files mounted, 0 remain pending
[2019.04.03-23.10.11:672][  0]LogPakFile: Registered encryption key '00000000000000000000000000000000': 0 pak files mounted, 0 remain pending
[2019.04.03-23.10.11:672][  0]LogPakFile: Registered encryption key '00000000000000000000000000000000': 0 pak files mounted, 0 remain pending
[2019.04.03-23.10.11:673][  0]LogPakFile: Registered encryption key '00000000000000000000000000000000': 0 pak files mounted, 0 remain pending
[2019.04.03-23.10.11:673][  0]LogPakFile: Registered encryption key '00000000000000000000000000000000': 0 pak files mounted, 0 remain pending
[2019.04.03-23.10.11:674][  0]LogPakFile: Registered encryption key '00000000000000000000000000000000': 0 pak files mounted, 0 remain pending
[2019.04.03-23.10.11:674][  0]LogPakFile: Registered encryption key '00000000000000000000000000000000': 0 pak files mounted, 0 remain pending
[2019.04.03-23.10.11:675][  0]LogPakFile: Registered encryption key '00000000000000000000000000000000': 0 pak files mounted, 0 remain pending
[2019.04.03-23.10.11:676][  0]LogPakFile: Registered encryption key '00000000000000000000000000000000': 0 pak files mounted, 0 remain pending
[2019.04.03-23.10.11:713][  0]LogContentBrowser: Native class hierarchy updated for 'AddContentDialog' in 0.0003 seconds. Added 0 classes and 0 folders.
[2019.04.03-23.10.11:727][  0]LogSlate: Updating window title bar state: overlay mode, drag disabled, window buttons hidden, title bar hidden
[2019.04.03-23.10.11:733][  0]LogSlate: Updating window title bar state: overlay mode, drag disabled, window buttons hidden, title bar hidden
[2019.04.03-23.10.11:738][  0]LogSlate: Updating window title bar state: overlay mode, drag disabled, window buttons hidden, title bar hidden
[2019.04.03-23.10.11:744][  0]LogSlate: Updating window title bar state: overlay mode, drag disabled, window buttons hidden, title bar hidden
[2019.04.03-23.10.11:749][  0]LogContentBrowser: Native class hierarchy updated for 'SceneOutliner' in 0.0003 seconds. Added 1 classes and 2 folders.
[2019.04.03-23.10.11:761][  0]LogSlate: Took 0.000244 seconds to synchronously load lazily loaded font '../../../Engine/Content/Slate/Fonts/Roboto-Regular.ttf' (155K)
[2019.04.03-23.10.11:762][  0]LogSlate: Took 0.000193 seconds to synchronously load lazily loaded font '../../../Engine/Content/Editor/Slate/Fonts/FontAwesome.ttf' (139K)
[2019.04.03-23.10.11:762][  0]LogSlate: Took 0.000157 seconds to synchronously load lazily loaded font '../../../Engine/Content/Slate/Fonts/Roboto-Bold.ttf' (160K)
[2019.04.03-23.10.11:767][  0]LogSlate: Took 0.000175 seconds to synchronously load lazily loaded font '../../../Engine/Content/Slate/Fonts/DroidSansMono.ttf' (77K)
[2019.04.03-23.10.11:870][  0]LogRenderer: Reallocating scene render targets to support 1152x664 Format 10 NumSamples 1 (Frame:1).
[2019.04.03-23.10.11:991][  0]LogContentBrowser: Native class hierarchy updated for 'HierarchicalLODOutliner' in 0.0005 seconds. Added 0 classes and 0 folders.
[2019.04.03-23.10.11:991][  0]LogLoad: (Engine Initialization) Total time: 8.05 seconds
[2019.04.03-23.10.11:991][  0]LogLoad: (Engine Initialization) Total Blueprint compile time: 0.00 seconds
[2019.04.03-23.10.12:069][  0]LogContentStreaming: Texture pool size now 1000 MB
[2019.04.03-23.10.12:104][  1]LogAssetRegistry: Asset discovery search completed in 4.4241 seconds
[2019.04.03-23.10.12:107][  1]LogCollectionManager: Rebuilt the object cache for 0 collections in 0.000000 seconds (found 0 objects)
[2019.04.03-23.10.12:107][  1]LogCollectionManager: Fixed up redirectors for 0 collections in 0.000283 seconds (updated 0 objects)
[2019.04.03-23.13.56:232][928]LogSlate: FSceneViewport::OnFocusLost() reason 0
[2019.04.03-23.14.06:666][153]LogSlate: Took 0.000201 seconds to synchronously load lazily loaded font '../../../Engine/Content/Slate/Fonts/Roboto-Light.ttf' (167K)
[2019.04.03-23.14.06:838][153]LogSlate: Took 0.000227 seconds to synchronously load lazily loaded font '../../../Engine/Content/Slate/Fonts/Roboto-BoldCondensed.ttf' (158K)
[2019.04.03-23.14.13:040][886]LogAssetEditorManager: Opening Asset editor for Blueprint /Game/MyEscapeGameGameModeBase_BP.MyEscapeGameGameModeBase_BP
[2019.04.03-23.14.13:370][886]LogContentBrowser: Native class hierarchy updated for 'BlueprintGraph' in 0.0006 seconds. Added 117 classes and 0 folders.
[2019.04.03-23.14.13:977][886]LogSlate: Window 'Add Blueprint Class' being destroyed
[2019.04.03-23.14.14:222][886]LogRenderer: Reallocating scene render targets to support 1152x712 Format 10 NumSamples 1 (Frame:1).
[2019.04.03-23.14.22:245][830]LogSlate: Prevented a slow task dialog from being summoned while a context menu was open
[2019.04.03-23.14.23:621][987]LogSlate: Prevented a slow task dialog from being summoned while a context menu was open
[2019.04.03-23.14.30:409][527]LogSlate: Window 'MyEscapeGameGameModeBase_BP*' being destroyed
[2019.04.03-23.14.30:412][527]LogSlate: Window 'MyEscapeGameGameModeBase_BP*' being destroyed
[2019.04.03-23.14.31:396][639]LogTemp: Repeating last play command: Selected Viewport
[2019.04.03-23.14.31:456][639]LogBlueprintUserMessages: Early PlayInEditor Detection: Level '/Game/NewMap.NewMap:PersistentLevel' has LevelScriptBlueprint '/Game/NewMap.NewMap:PersistentLevel.NewMap' with GeneratedClass '/Game/NewMap.NewMap_C' with ClassGeneratedBy '/Game/NewMap.NewMap:PersistentLevel.NewMap'
[2019.04.03-23.14.31:473][639]LogPlayLevel: PlayLevel: No blueprints needed recompiling
[2019.04.03-23.14.31:524][639]PIE: New page: PIE session: NewMap (Apr 3, 2019, 3:14:31 PM)
[2019.04.03-23.14.31:618][639]LogPlayLevel: Creating play world package: /Game/UEDPIE_0_NewMap
[2019.04.03-23.14.31:650][639]LogPlayLevel: PIE: StaticDuplicateObject took: (0.031365s)
[2019.04.03-23.14.31:651][639]LogAIModule: Creating AISystem for world NewMap
[2019.04.03-23.14.31:660][639]LogPlayLevel: PIE: World Init took: (0.009720s)
[2019.04.03-23.14.31:661][639]LogPlayLevel: PIE: Created PIE world by copying editor world from /Game/NewMap.NewMap to /Game/UEDPIE_0_NewMap.NewMap (0.041821s)
[2019.04.03-23.14.31:800][639]LogInit: XAudio2 using 'Speakers (Realtek High Definition Audio)' : 2 channels at 48 kHz using 32 bits per sample (channel mask 0x3)
[2019.04.03-23.14.31:816][639]LogInit: FAudioDevice initialized.
[2019.04.03-23.14.31:940][639]LogLoad: Game class is 'EscapeGameGameModeBase'
[2019.04.03-23.14.32:064][639]LogWorld: Bringing World /Game/UEDPIE_0_NewMap.NewMap up for play (max tick rate 0) at 2019.04.03-19.14.32
[2019.04.03-23.14.32:106][639]LogWorld: Bringing up level for play took: 0.043839
[2019.04.03-23.14.32:354][639]LogContentBrowser: Native class hierarchy updated for 'MovieSceneCapture' in 0.0005 seconds. Added 20 classes and 0 folders.
[2019.04.03-23.14.32:363][639]LogTemp: Warning: SM_Chair_2 is at X=-440.000 Y=-340.000 Z=20.000
[2019.04.03-23.14.32:390][639]PIE: Play in editor start time for /Game/UEDPIE_0_NewMap 1.543
[2019.04.03-23.14.32:391][639]LogBlueprintUserMessages: Late PlayInEditor Detection: Level '/Game/NewMap.NewMap:PersistentLevel' has LevelScriptBlueprint '/Game/NewMap.NewMap:PersistentLevel.NewMap' with GeneratedClass '/Game/NewMap.NewMap_C' with ClassGeneratedBy '/Game/NewMap.NewMap:PersistentLevel.NewMap'
[2019.04.03-23.14.34:247][832]LogBlueprintUserMessages: Early EndPlayMap Detection: Level '/Game/NewMap.NewMap:PersistentLevel' has LevelScriptBlueprint '/Game/NewMap.NewMap:PersistentLevel.NewMap' with GeneratedClass '/Game/NewMap.NewMap_C' with ClassGeneratedBy '/Game/NewMap.NewMap:PersistentLevel.NewMap'
[2019.04.03-23.14.34:247][832]LogSlate: Updating window title bar state: overlay mode, drag disabled, window buttons hidden, title bar hidden
[2019.04.03-23.14.34:282][832]LogPlayLevel: Display: Shutting down PIE online subsystems
[2019.04.03-23.14.34:298][832]LogBlueprintUserMessages: Late EndPlayMap Detection: Level '/Game/NewMap.NewMap:PersistentLevel' has LevelScriptBlueprint '/Game/NewMap.NewMap:PersistentLevel.NewMap' with GeneratedClass '/Game/NewMap.NewMap_C' with ClassGeneratedBy '/Game/NewMap.NewMap:PersistentLevel.NewMap'
[2019.04.03-23.14.34:322][832]LogSlate: Updating window title bar state: overlay mode, drag disabled, window buttons hidden, title bar hidden
[2019.04.03-23.14.34:338][833]LogPlayLevel: Display: Destroying online subsystem :Context_2
[2019.04.03-23.14.35:447][961]LogSlate: FSceneViewport::OnFocusLost() reason 0
[2019.04.03-23.14.36:577][ 95]LogAssetEditorManager: Opening Asset editor for Blueprint /Game/DefaultPawn_BP.DefaultPawn_BP
[2019.04.03-23.14.37:890][215]LogSlate: Took 0.000289 seconds to synchronously load lazily loaded font '../../../Engine/Content/Slate/Fonts/Roboto-Italic.ttf' (157K)
[2019.04.03-23.14.43:997][926]LogSlate: Window 'DefaultPawn_BP' being destroyed
[2019.04.03-23.14.44:000][926]LogSlate: Window 'DefaultPawn_BP' being destroyed
[2019.04.03-23.14.47:396][308]LogSlate: FSceneViewport::OnFocusLost() reason 0
[2019.04.03-23.14.47:480][318]LogTemp: Repeating last play command: Selected Viewport
[2019.04.03-23.14.47:494][318]LogBlueprintUserMessages: Early PlayInEditor Detection: Level '/Game/NewMap.NewMap:PersistentLevel' has LevelScriptBlueprint '/Game/NewMap.NewMap:PersistentLevel.NewMap' with GeneratedClass '/Game/NewMap.NewMap_C' with ClassGeneratedBy '/Game/NewMap.NewMap:PersistentLevel.NewMap'
[2019.04.03-23.14.47:494][318]LogPlayLevel: PlayLevel: No blueprints needed recompiling
[2019.04.03-23.14.47:494][318]PIE: New page: PIE session: NewMap (Apr 3, 2019, 3:14:47 PM)
[2019.04.03-23.14.47:495][318]LogPlayLevel: Creating play world package: /Game/UEDPIE_0_NewMap
[2019.04.03-23.14.47:498][318]LogPlayLevel: PIE: StaticDuplicateObject took: (0.002837s)
[2019.04.03-23.14.47:498][318]LogAIModule: Creating AISystem for world NewMap
[2019.04.03-23.14.47:498][318]LogPlayLevel: PIE: World Init took: (0.000492s)
[2019.04.03-23.14.47:498][318]LogPlayLevel: PIE: Created PIE world by copying editor world from /Game/NewMap.NewMap to /Game/UEDPIE_0_NewMap.NewMap (0.003641s)
[2019.04.03-23.14.47:544][318]LogInit: XAudio2 using 'Speakers (Realtek High Definition Audio)' : 2 channels at 48 kHz using 32 bits per sample (channel mask 0x3)
[2019.04.03-23.14.47:560][318]LogInit: FAudioDevice initialized.
[2019.04.03-23.14.47:600][318]LogLoad: Game class is 'EscapeGameGameModeBase'
[2019.04.03-23.14.47:602][318]LogWorld: Bringing World /Game/UEDPIE_0_NewMap.NewMap up for play (max tick rate 0) at 2019.04.03-19.14.47
[2019.04.03-23.14.47:602][318]LogWorld: Bringing up level for play took: 0.001083
[2019.04.03-23.14.47:614][318]LogTemp: Warning: SM_Chair_2 is at X=-440.000 Y=-340.000 Z=20.000
[2019.04.03-23.14.47:615][318]PIE: Play in editor start time for /Game/UEDPIE_0_NewMap 0.768
[2019.04.03-23.14.47:615][318]LogBlueprintUserMessages: Late PlayInEditor Detection: Level '/Game/NewMap.NewMap:PersistentLevel' has LevelScriptBlueprint '/Game/NewMap.NewMap:PersistentLevel.NewMap' with GeneratedClass '/Game/NewMap.NewMap_C' with ClassGeneratedBy '/Game/NewMap.NewMap:PersistentLevel.NewMap'
[2019.04.03-23.14.54:177][ 93]LogBlueprintUserMessages: Early EndPlayMap Detection: Level '/Game/NewMap.NewMap:PersistentLevel' has LevelScriptBlueprint '/Game/NewMap.NewMap:PersistentLevel.NewMap' with GeneratedClass '/Game/NewMap.NewMap_C' with ClassGeneratedBy '/Game/NewMap.NewMap:PersistentLevel.NewMap'
[2019.04.03-23.14.54:177][ 93]LogSlate: Updating window title bar state: overlay mode, drag disabled, window buttons hidden, title bar hidden
[2019.04.03-23.14.54:206][ 93]LogPlayLevel: Display: Shutting down PIE online subsystems
[2019.04.03-23.14.54:207][ 93]LogBlueprintUserMessages: Late EndPlayMap Detection: Level '/Game/NewMap.NewMap:PersistentLevel' has LevelScriptBlueprint '/Game/NewMap.NewMap:PersistentLevel.NewMap' with GeneratedClass '/Game/NewMap.NewMap_C' with ClassGeneratedBy '/Game/NewMap.NewMap:PersistentLevel.NewMap'
[2019.04.03-23.14.54:230][ 93]LogSlate: Updating window title bar state: overlay mode, drag disabled, window buttons hidden, title bar hidden
[2019.04.03-23.14.54:277][ 97]LogPlayLevel: Display: Destroying online subsystem :Context_5
[2019.04.03-23.14.55:155][202]LogSlate: FSceneViewport::OnFocusLost() reason 0
[2019.04.03-23.14.57:887][497]Cmd: TRANSACTION UNDO
[2019.04.03-23.14.57:887][497]LogEditorTransaction: Undo Create Actors
[2019.04.03-23.15.01:546][926]LogSlate: FSceneViewport::OnFocusLost() reason 2
[2019.04.03-23.15.02:400][ 28]LogSlate: FSceneViewport::OnFocusLost() reason 2
[2019.04.03-23.15.04:742][ 28]LogTemp: Executing iPhonePackager certificates Engine -bundlename com.YourCompany.EscapeGame
[2019.04.03-23.15.04:743][ 28]LogTemp: CWD: D:\Games\Epic Games\UE_4.21\Engine\Binaries\DotNET\IOS
[2019.04.03-23.15.04:743][ 28]LogTemp: Initial Dir: D:\Games\Epic Games\UE_4.21
[2019.04.03-23.15.04:743][ 28]LogTemp: Env CWD: D:\Games\Epic Games\UE_4.21\Engine\Binaries\DotNET\IOS
[2019.04.03-23.15.04:743][ 28]LogTemp: BranchPath = KADRAZA-PC/D/Games/Epic Games/UE_4.21/Engine/Binaries --- GameBranchPath = KADRAZA-PC/D/Games/Epic Games/UE_4.21/Engine/Binaries
[2019.04.03-23.15.04:743][ 28]LogTemp: IPP ERROR: Could not find provision directory 'C:\Users\caleb\AppData\Local/Apple Computer/MobileDevice/Provisioning Profiles/'.
[2019.04.03-23.15.04:743][ 28]LogSlate: Only BGRA pngs, bmps or icos are supported in by External Image Picker
[2019.04.03-23.15.06:759][232]LogSlate: Prevented a slow task dialog from being summoned while a context menu was open
[2019.04.03-23.15.20:280][842]LogSlate: Window 'Project Settings' being destroyed
[2019.04.03-23.15.20:283][842]LogSlate: Window 'Project Settings' being destroyed
[2019.04.03-23.15.21:055][926]LogSlate: FSceneViewport::OnFocusLost() reason 0
[2019.04.03-23.15.21:204][943]LogAssetEditorManager: Opening Asset editor for Blueprint /Game/MyEscapeGameGameModeBase_BP.MyEscapeGameGameModeBase_BP
[2019.04.03-23.15.21:404][943]LogTabManager: Warning: Cannot spawn tab because no spawner is registered for 'CompilerResults'
[2019.04.03-23.15.23:156][148]LogSlate: Window 'CompilerResults' being destroyed
[2019.04.03-23.15.23:160][148]LogSlate: Window 'CompilerResults' being destroyed
[2019.04.03-23.15.24:101][261]LogSlate: Window 'MyEscapeGameGameModeBase_BP*' being destroyed
[2019.04.03-23.15.24:151][261]LogSlate: FSceneViewport::OnFocusLost() reason 2
[2019.04.03-23.15.24:153][261]LogAssetEditorManager: Opening Asset editor for Blueprint /Game/MyEscapeGameGameModeBase_BP.MyEscapeGameGameModeBase_BP
[2019.04.03-23.15.29:589][877]LogSlate: Window 'MyEscapeGameGameModeBase_BP*' being destroyed
[2019.04.03-23.15.29:594][877]LogSlate: Window 'MyEscapeGameGameModeBase_BP*' being destroyed
[2019.04.03-23.15.30:417][971]LogSlate: FSceneViewport::OnFocusLost() reason 0
[2019.04.03-23.15.30:493][980]LogTemp: Repeating last play command: Selected Viewport
[2019.04.03-23.15.30:503][980]LogBlueprintUserMessages: Early PlayInEditor Detection: Level '/Game/NewMap.NewMap:PersistentLevel' has LevelScriptBlueprint '/Game/NewMap.NewMap:PersistentLevel.NewMap' with GeneratedClass '/Game/NewMap.NewMap_C' with ClassGeneratedBy '/Game/NewMap.NewMap:PersistentLevel.NewMap'
[2019.04.03-23.15.30:504][980]LogPlayLevel: PlayLevel: No blueprints needed recompiling
[2019.04.03-23.15.30:504][980]PIE: New page: PIE session: NewMap (Apr 3, 2019, 3:15:30 PM)
[2019.04.03-23.15.30:504][980]LogPlayLevel: Creating play world package: /Game/UEDPIE_0_NewMap
[2019.04.03-23.15.30:507][980]LogPlayLevel: PIE: StaticDuplicateObject took: (0.003300s)
[2019.04.03-23.15.30:508][980]LogAIModule: Creating AISystem for world NewMap
[2019.04.03-23.15.30:508][980]LogPlayLevel: PIE: World Init took: (0.000742s)
[2019.04.03-23.15.30:509][980]LogPlayLevel: PIE: Created PIE world by copying editor world from /Game/NewMap.NewMap to /Game/UEDPIE_0_NewMap.NewMap (0.004484s)
[2019.04.03-23.15.30:552][980]LogInit: XAudio2 using 'Speakers (Realtek High Definition Audio)' : 2 channels at 48 kHz using 32 bits per sample (channel mask 0x3)
[2019.04.03-23.15.30:568][980]LogInit: FAudioDevice initialized.
[2019.04.03-23.15.30:601][980]LogLoad: Game class is 'MyEscapeGameGameModeBase_BP_C'
[2019.04.03-23.15.30:602][980]LogWorld: Bringing World /Game/UEDPIE_0_NewMap.NewMap up for play (max tick rate 0) at 2019.04.03-19.15.30
[2019.04.03-23.15.30:602][980]LogWorld: Bringing up level for play took: 0.000952
[2019.04.03-23.15.30:614][980]LogTemp: Warning: SM_Chair_2 is at X=-440.000 Y=-340.000 Z=20.000
[2019.04.03-23.15.30:615][980]LogTemp: Warning: Grabber reporting for duty!
[2019.04.03-23.15.30:615][980]PIE: Play in editor start time for /Game/UEDPIE_0_NewMap -0.233
[2019.04.03-23.15.30:615][980]LogBlueprintUserMessages: Late PlayInEditor Detection: Level '/Game/NewMap.NewMap:PersistentLevel' has LevelScriptBlueprint '/Game/NewMap.NewMap:PersistentLevel.NewMap' with GeneratedClass '/Game/NewMap.NewMap_C' with ClassGeneratedBy '/Game/NewMap.NewMap:PersistentLevel.NewMap'
[2019.04.03-23.15.33:737][351]LogBlueprintUserMessages: Early EndPlayMap Detection: Level '/Game/NewMap.NewMap:PersistentLevel' has LevelScriptBlueprint '/Game/NewMap.NewMap:PersistentLevel.NewMap' with GeneratedClass '/Game/NewMap.NewMap_C' with ClassGeneratedBy '/Game/NewMap.NewMap:PersistentLevel.NewMap'
[2019.04.03-23.15.33:738][351]LogSlate: Updating window title bar state: overlay mode, drag disabled, window buttons hidden, title bar hidden
[2019.04.03-23.15.33:772][351]LogPlayLevel: Display: Shutting down PIE online subsystems
[2019.04.03-23.15.33:773][351]LogBlueprintUserMessages: Late EndPlayMap Detection: Level '/Game/NewMap.NewMap:PersistentLevel' has LevelScriptBlueprint '/Game/NewMap.NewMap:PersistentLevel.NewMap' with GeneratedClass '/Game/NewMap.NewMap_C' with ClassGeneratedBy '/Game/NewMap.NewMap:PersistentLevel.NewMap'
[2019.04.03-23.15.33:795][351]LogSlate: Updating window title bar state: overlay mode, drag disabled, window buttons hidden, title bar hidden
[2019.04.03-23.15.33:836][354]LogPlayLevel: Display: Destroying online subsystem :Context_10
[2019.04.03-23.20.25:328][859]LogFileHelpers: Editor autosave (incl. sublevels) for '/Game/NewMap' took 0.022
[2019.04.03-23.20.25:363][859]OBJ SavePackage: Generating thumbnails for [0] asset(s) in package [/Game/MyEscapeGameGameModeBase_BP] ([1] browsable assets)...
[2019.04.03-23.20.25:363][859]OBJ SavePackage: Finished generating thumbnails for package [/Game/MyEscapeGameGameModeBase_BP]
[2019.04.03-23.20.25:479][859]LogSavePackage: Moving '../../../../../../Game Development/Unreal_EscapeGame/EscapeGame/Saved/MyEscapeGameGameModeBase_BP_AutoD88E75C34C190A19411CFF9545B74FFE.tmp' to '../../../../../../Game Development/Unreal_EscapeGame/EscapeGame/Saved/Autosaves/Game/MyEscapeGameGameModeBase_BP_Auto1.uasset'
[2019.04.03-23.20.25:493][859]LogFileHelpers: Auto-saving content packages took 0.165
[2019.04.03-23.30.25:983][653]LogFileHelpers: Editor autosave (incl. sublevels) for '/Game/NewMap' took 0.045
[2019.04.03-23.37.25:898][968]LogSlate: FSceneViewport::OnFocusLost() reason 0
[2019.04.03-23.37.26:236][976]Candidate modules for hot reload:
[2019.04.03-23.37.26:236][976]  EscapeGame
[2019.04.03-23.37.26:254][976]Launching UnrealBuildTool... [D:/Games/Epic Games/UE_4.21/Engine/Binaries/DotNET/UnrealBuildTool.exe  -ModuleWithSuffix=EscapeGame,3662 Win64 Development -TargetType=Editor -Project="../../../../../../Game Development/Unreal_EscapeGame/EscapeGame/EscapeGame.uproject" -canskiplink "D:/Game Development/Unreal_EscapeGame/EscapeGame/EscapeGame.uproject" ]
[2019.04.03-23.37.26:383][976]Warning: Starting HotReload took  0.3s.
[2019.04.03-23.39.12:246][761]CompilerResultsLog: New page: Compilation - Apr 3, 2019, 3:39:12 PM
[2019.04.03-23.39.12:247][761]CompilerResultsLog: Using 'git status' to determine working set for adaptive non-unity build (D:\Game Development\Unreal_EscapeGame).
[2019.04.03-23.39.12:247][761]CompilerResultsLog: Creating makefile for hot reloading EscapeGameEditor (no existing makefile)
[2019.04.03-23.39.12:247][761]CompilerResultsLog: Compiling game modules for hot reload
[2019.04.03-23.39.12:247][761]CompilerResultsLog: Using Visual Studio 2017 14.16.27023 toolchain (C:\Program Files (x86)\Microsoft Visual Studio\2017\Enterprise\VC\Tools\MSVC\14.16.27023) and Windows 10.0.17763.0 SDK (C:\Program Files (x86)\Windows Kits\10).
[2019.04.03-23.39.12:248][761]CompilerResultsLog: Building 3 actions with 12 processes...
[2019.04.03-23.39.12:248][761]CompilerResultsLog:   [1/3] Grabber.cpp
[2019.04.03-23.39.12:248][761]CompilerResultsLog:   [2/3] UE4Editor-EscapeGame-3662.lib
[2019.04.03-23.39.12:248][761]CompilerResultsLog:      Creating library D:\Game Development\Unreal_EscapeGame\EscapeGame\Intermediate\Build\Win64\UE4Editor\Development\EscapeGame\UE4Editor-EscapeGame-3662.lib and object D:\Game Development\Unreal_EscapeGame\EscapeGame\Intermediate\Build\Win64\UE4Editor\Development\EscapeGame\UE4Editor-EscapeGame-3662.exp
[2019.04.03-23.39.12:248][761]CompilerResultsLog:   [3/3] UE4Editor-EscapeGame-3662.dll
[2019.04.03-23.39.12:248][761]CompilerResultsLog:      Creating library D:\Game Development\Unreal_EscapeGame\EscapeGame\Intermediate\Build\Win64\UE4Editor\Development\EscapeGame\UE4Editor-EscapeGame-3662.suppressed.lib and object D:\Game Development\Unreal_EscapeGame\EscapeGame\Intermediate\Build\Win64\UE4Editor\Development\EscapeGame\UE4Editor-EscapeGame-3662.suppressed.exp
[2019.04.03-23.39.12:249][761]CompilerResultsLog: Total build time: 104.23 seconds (Parallel executor: 66.26 seconds)
[2019.04.03-23.39.12:257][761]LogMainFrame: MainFrame: Module compiling took 106.044 seconds
[2019.04.03-23.39.12:404][761]LogContentBrowser: Native class hierarchy updated for 'EscapeGame' in 0.0114 seconds. Added 4 classes and 2 folders.
[2019.04.03-23.39.12:407][761]Display: HotReload successful (0 functions remapped  0 scriptstructs remapped)
[2019.04.03-23.39.13:300][761]LogContentBrowser: Native class hierarchy populated in 0.0080 seconds. Added 2656 classes and 624 folders.
[2019.04.03-23.39.13:349][761]Display: HotReload took 107.3s.
[2019.04.03-23.40.26:463][979]LogFileHelpers: Editor autosave (incl. sublevels) for '/Game/NewMap' took 0.050
[2019.04.03-23.40.47:618][593]LogSlate: FSceneViewport::OnFocusLost() reason 0
[2019.04.03-23.40.47:701][603]LogTemp: Repeating last play command: Selected Viewport
[2019.04.03-23.40.47:749][603]LogBlueprintUserMessages: Early PlayInEditor Detection: Level '/Game/NewMap.NewMap:PersistentLevel' has LevelScriptBlueprint '/Game/NewMap.NewMap:PersistentLevel.NewMap' with GeneratedClass '/Game/NewMap.NewMap_C' with ClassGeneratedBy '/Game/NewMap.NewMap:PersistentLevel.NewMap'
[2019.04.03-23.40.47:750][603]LogPlayLevel: PlayLevel: No blueprints needed recompiling
[2019.04.03-23.40.47:750][603]PIE: New page: PIE session: NewMap (Apr 3, 2019, 3:40:47 PM)
[2019.04.03-23.40.47:750][603]LogPlayLevel: Creating play world package: /Game/UEDPIE_0_NewMap
[2019.04.03-23.40.47:807][603]LogPlayLevel: PIE: StaticDuplicateObject took: (0.056803s)
[2019.04.03-23.40.47:873][603]LogAIModule: Creating AISystem for world NewMap
[2019.04.03-23.40.47:900][603]LogPlayLevel: PIE: World Init took: (0.092712s)
[2019.04.03-23.40.47:900][603]LogPlayLevel: PIE: Created PIE world by copying editor world from /Game/NewMap.NewMap to /Game/UEDPIE_0_NewMap.NewMap (0.149948s)
[2019.04.03-23.40.48:063][603]LogInit: XAudio2 using 'Speakers (Realtek High Definition Audio)' : 2 channels at 48 kHz using 32 bits per sample (channel mask 0x3)
[2019.04.03-23.40.48:079][603]LogInit: FAudioDevice initialized.
[2019.04.03-23.40.48:116][603]LogLoad: Game class is 'MyEscapeGameGameModeBase_BP_C'
[2019.04.03-23.40.48:118][603]LogWorld: Bringing World /Game/UEDPIE_0_NewMap.NewMap up for play (max tick rate 0) at 2019.04.03-19.40.48
[2019.04.03-23.40.48:118][603]LogWorld: Bringing up level for play took: 0.001181
[2019.04.03-23.40.48:158][603]LogTemp: Warning: SM_Chair_2 is at X=-440.000 Y=-340.000 Z=20.000
[2019.04.03-23.40.48:176][603]LogTemp: Warning: Grabber reporting for duty!
[2019.04.03-23.40.48:188][603]PIE: Play in editor start time for /Game/UEDPIE_0_NewMap 1.34
[2019.04.03-23.40.48:196][603]LogBlueprintUserMessages: Late PlayInEditor Detection: Level '/Game/NewMap.NewMap:PersistentLevel' has LevelScriptBlueprint '/Game/NewMap.NewMap:PersistentLevel.NewMap' with GeneratedClass '/Game/NewMap.NewMap_C' with ClassGeneratedBy '/Game/NewMap.NewMap:PersistentLevel.NewMap'
[2019.04.03-23.40.52:955][165]LogBlueprintUserMessages: Early EndPlayMap Detection: Level '/Game/NewMap.NewMap:PersistentLevel' has LevelScriptBlueprint '/Game/NewMap.NewMap:PersistentLevel.NewMap' with GeneratedClass '/Game/NewMap.NewMap_C' with ClassGeneratedBy '/Game/NewMap.NewMap:PersistentLevel.NewMap'
[2019.04.03-23.40.52:955][165]LogSlate: Updating window title bar state: overlay mode, drag disabled, window buttons hidden, title bar hidden
[2019.04.03-23.40.53:034][165]LogPlayLevel: Display: Shutting down PIE online subsystems
[2019.04.03-23.40.53:035][165]LogBlueprintUserMessages: Late EndPlayMap Detection: Level '/Game/NewMap.NewMap:PersistentLevel' has LevelScriptBlueprint '/Game/NewMap.NewMap:PersistentLevel.NewMap' with GeneratedClass '/Game/NewMap.NewMap_C' with ClassGeneratedBy '/Game/NewMap.NewMap:PersistentLevel.NewMap'
[2019.04.03-23.40.53:058][165]LogSlate: Updating window title bar state: overlay mode, drag disabled, window buttons hidden, title bar hidden
[2019.04.03-23.40.53:113][166]LogPlayLevel: Display: Destroying online subsystem :Context_11
[2019.04.03-23.47.24:085][464]LogSlate: FSceneViewport::OnFocusLost() reason 0
[2019.04.03-23.47.24:185][475]Candidate modules for hot reload:
[2019.04.03-23.47.24:186][475]  EscapeGame
[2019.04.03-23.47.24:186][475]Launching UnrealBuildTool... [D:/Games/Epic Games/UE_4.21/Engine/Binaries/DotNET/UnrealBuildTool.exe  -ModuleWithSuffix=EscapeGame,8898 Win64 Development -TargetType=Editor -Project="../../../../../../Game Development/Unreal_EscapeGame/EscapeGame/EscapeGame.uproject" -canskiplink "D:/Game Development/Unreal_EscapeGame/EscapeGame/EscapeGame.uproject" ]
[2019.04.03-23.47.24:188][475]Warning: Starting HotReload took  0.0s.
[2019.04.03-23.47.32:181][435]CompilerResultsLog: New page: Compilation - Apr 3, 2019, 3:47:32 PM
[2019.04.03-23.47.32:181][435]CompilerResultsLog: Using 'git status' to determine working set for adaptive non-unity build (D:\Game Development\Unreal_EscapeGame).
[2019.04.03-23.47.32:181][435]CompilerResultsLog: Creating makefile for hot reloading EscapeGameEditor (source directory changed)
[2019.04.03-23.47.32:182][435]CompilerResultsLog: Compiling game modules for hot reload
[2019.04.03-23.47.32:182][435]CompilerResultsLog: Using Visual Studio 2017 14.16.27023 toolchain (C:\Program Files (x86)\Microsoft Visual Studio\2017\Enterprise\VC\Tools\MSVC\14.16.27023) and Windows 10.0.17763.0 SDK (C:\Program Files (x86)\Windows Kits\10).
[2019.04.03-23.47.32:182][435]CompilerResultsLog: Building 3 actions with 12 processes...
[2019.04.03-23.47.32:182][435]CompilerResultsLog:   [1/3] Grabber.cpp
[2019.04.03-23.47.32:182][435]CompilerResultsLog:    D:\Games\Epic Games\UE_4.21\Engine\Source\Runtime\Core\Public\Logging/LogMacros.h(58) : error C2338: Invalid argument(s) passed to FMsg::Logf_Internal
[2019.04.03-23.47.32:182][435]CompilerResultsLog:   D:\Game Development\Unreal_EscapeGame\EscapeGame\Source\EscapeGame\Grabber.cpp(75): note: see reference to function template instantiation 'void FMsg::Logf_Internal<wchar_t[8],FString>(const ANSICHAR *,int32,const FName &,ELogVerbosity::Type,const FmtType (&),FString)' being compiled
[2019.04.03-23.47.32:183][435]CompilerResultsLog:           with
[2019.04.03-23.47.32:183][435]CompilerResultsLog:           [
[2019.04.03-23.47.32:183][435]CompilerResultsLog:               FmtType=wchar_t [8]
[2019.04.03-23.47.32:183][435]CompilerResultsLog:           ]
[2019.04.03-23.47.32:183][435]CompilerResultsLog:    D:\Games\Epic Games\UE_4.21\Engine\Source\Runtime\Core\Public\Logging/LogMacros.h(60) : error C4840: non-portable use of class 'FString' as an argument to a variadic function
[2019.04.03-23.47.32:183][435]CompilerResultsLog:   D:\Games\Epic Games\UE_4.21\Engine\Source\Runtime\Core\Public\Logging/LogMacros.h(60): note: 'FString::FString' is non-trivial
[2019.04.03-23.47.32:183][435]CompilerResultsLog:   D:\Games\Epic Games\UE_4.21\Engine\Source\Runtime\Core\Public\Containers/UnrealString.h(73): note: see declaration of 'FString::FString'
[2019.04.03-23.47.32:184][435]CompilerResultsLog:   D:\Games\Epic Games\UE_4.21\Engine\Source\Runtime\Core\Public\Logging/LogMacros.h(60): note: the constructor and destructor will not be called; a bitwise copy of the class will be passed as the argument
[2019.04.03-23.47.32:184][435]CompilerResultsLog:   D:\Games\Epic Games\UE_4.21\Engine\Source\Runtime\Core\Public\Windows/WindowsCriticalSection.h(9): note: see declaration of 'FString'
[2019.04.03-23.47.32:184][435]CompilerResultsLog: ERROR: UBT ERROR: Failed to produce item: D:\Game Development\Unreal_EscapeGame\EscapeGame\Binaries\Win64\UE4Editor-EscapeGame-8898.dll
[2019.04.03-23.47.32:184][435]CompilerResultsLog:        (see ../Programs/UnrealBuildTool/Log.txt for full exception trace)
[2019.04.03-23.47.32:184][435]CompilerResultsLog: Total build time: 7.79 seconds (Parallel executor: 0.00 seconds)
[2019.04.03-23.47.32:184][435]LogMainFrame: MainFrame: Module compiling took 8.002 seconds
[2019.04.03-23.47.32:184][435]Warning: HotReload failed, recompile failed
[2019.04.03-23.47.45:395][ 43]LogSlate: FSceneViewport::OnFocusLost() reason 0
[2019.04.03-23.47.45:476][ 52]Candidate modules for hot reload:
[2019.04.03-23.47.45:477][ 52]  EscapeGame
[2019.04.03-23.47.45:477][ 52]Launching UnrealBuildTool... [D:/Games/Epic Games/UE_4.21/Engine/Binaries/DotNET/UnrealBuildTool.exe  -ModuleWithSuffix=EscapeGame,5538 Win64 Development -TargetType=Editor -Project="../../../../../../Game Development/Unreal_EscapeGame/EscapeGame/EscapeGame.uproject" -canskiplink "D:/Game Development/Unreal_EscapeGame/EscapeGame/EscapeGame.uproject" ]
[2019.04.03-23.47.45:482][ 52]Warning: Starting HotReload took  0.0s.
[2019.04.03-23.47.52:668][915]CompilerResultsLog: New page: Compilation - Apr 3, 2019, 3:47:52 PM
[2019.04.03-23.47.52:668][915]CompilerResultsLog: Using 'git status' to determine working set for adaptive non-unity build (D:\Game Development\Unreal_EscapeGame).
[2019.04.03-23.47.52:668][915]CompilerResultsLog: Creating makefile for hot reloading EscapeGameEditor (source directory changed)
[2019.04.03-23.47.52:668][915]CompilerResultsLog: Compiling game modules for hot reload
[2019.04.03-23.47.52:668][915]CompilerResultsLog: Using Visual Studio 2017 14.16.27023 toolchain (C:\Program Files (x86)\Microsoft Visual Studio\2017\Enterprise\VC\Tools\MSVC\14.16.27023) and Windows 10.0.17763.0 SDK (C:\Program Files (x86)\Windows Kits\10).
[2019.04.03-23.47.52:669][915]CompilerResultsLog: Building 3 actions with 12 processes...
[2019.04.03-23.47.52:669][915]CompilerResultsLog:   [1/3] Grabber.cpp
[2019.04.03-23.47.52:669][915]CompilerResultsLog:   [2/3] UE4Editor-EscapeGame-5538.lib
[2019.04.03-23.47.52:669][915]CompilerResultsLog:      Creating library D:\Game Development\Unreal_EscapeGame\EscapeGame\Intermediate\Build\Win64\UE4Editor\Development\EscapeGame\UE4Editor-EscapeGame-5538.lib and object D:\Game Development\Unreal_EscapeGame\EscapeGame\Intermediate\Build\Win64\UE4Editor\Development\EscapeGame\UE4Editor-EscapeGame-5538.exp
[2019.04.03-23.47.52:669][915]CompilerResultsLog:   [3/3] UE4Editor-EscapeGame-5538.dll
[2019.04.03-23.47.52:669][915]CompilerResultsLog:      Creating library D:\Game Development\Unreal_EscapeGame\EscapeGame\Intermediate\Build\Win64\UE4Editor\Development\EscapeGame\UE4Editor-EscapeGame-5538.suppressed.lib and object D:\Game Development\Unreal_EscapeGame\EscapeGame\Intermediate\Build\Win64\UE4Editor\Development\EscapeGame\UE4Editor-EscapeGame-5538.suppressed.exp
[2019.04.03-23.47.52:670][915]CompilerResultsLog: Total build time: 6.95 seconds (Parallel executor: 1.54 seconds)
[2019.04.03-23.47.52:670][915]LogMainFrame: MainFrame: Module compiling took 7.195 seconds
[2019.04.03-23.47.52:722][915]LogContentBrowser: Native class hierarchy updated for 'EscapeGame' in 0.0005 seconds. Added 4 classes and 2 folders.
[2019.04.03-23.47.52:726][915]Display: HotReload successful (0 functions remapped  0 scriptstructs remapped)
[2019.04.03-23.47.52:999][915]LogContentBrowser: Native class hierarchy populated in 0.0073 seconds. Added 2656 classes and 624 folders.
[2019.04.03-23.47.53:000][915]Display: HotReload took  7.5s.
[2019.04.03-23.47.53:860][ 18]LogTemp: Repeating last play command: Selected Viewport
[2019.04.03-23.47.53:872][ 18]LogBlueprintUserMessages: Early PlayInEditor Detection: Level '/Game/NewMap.NewMap:PersistentLevel' has LevelScriptBlueprint '/Game/NewMap.NewMap:PersistentLevel.NewMap' with GeneratedClass '/Game/NewMap.NewMap_C' with ClassGeneratedBy '/Game/NewMap.NewMap:PersistentLevel.NewMap'
[2019.04.03-23.47.53:872][ 18]LogPlayLevel: PlayLevel: No blueprints needed recompiling
[2019.04.03-23.47.53:872][ 18]PIE: New page: PIE session: NewMap (Apr 3, 2019, 3:47:53 PM)
[2019.04.03-23.47.53:872][ 18]LogPlayLevel: Creating play world package: /Game/UEDPIE_0_NewMap
[2019.04.03-23.47.53:876][ 18]LogPlayLevel: PIE: StaticDuplicateObject took: (0.003344s)
[2019.04.03-23.47.53:877][ 18]LogAIModule: Creating AISystem for world NewMap
[2019.04.03-23.47.53:877][ 18]LogPlayLevel: PIE: World Init took: (0.001032s)
[2019.04.03-23.47.53:877][ 18]LogPlayLevel: PIE: Created PIE world by copying editor world from /Game/NewMap.NewMap to /Game/UEDPIE_0_NewMap.NewMap (0.004977s)
[2019.04.03-23.47.53:950][ 18]LogInit: XAudio2 using 'Speakers (Realtek High Definition Audio)' : 2 channels at 48 kHz using 32 bits per sample (channel mask 0x3)
[2019.04.03-23.47.53:964][ 18]LogInit: FAudioDevice initialized.
[2019.04.03-23.47.53:992][ 18]LogLoad: Game class is 'MyEscapeGameGameModeBase_BP_C'
[2019.04.03-23.47.53:993][ 18]LogWorld: Bringing World /Game/UEDPIE_0_NewMap.NewMap up for play (max tick rate 0) at 2019.04.03-19.47.53
[2019.04.03-23.47.53:993][ 18]LogWorld: Bringing up level for play took: 0.001019
[2019.04.03-23.47.54:006][ 18]LogTemp: Warning: SM_Chair_2 is at X=-440.000 Y=-340.000 Z=20.000
[2019.04.03-23.47.54:006][ 18]LogTemp: Warning: Grabber reporting for duty!
[2019.04.03-23.47.54:006][ 18]PIE: Play in editor start time for /Game/UEDPIE_0_NewMap -0.841
[2019.04.03-23.47.54:006][ 18]LogBlueprintUserMessages: Late PlayInEditor Detection: Level '/Game/NewMap.NewMap:PersistentLevel' has LevelScriptBlueprint '/Game/NewMap.NewMap:PersistentLevel.NewMap' with GeneratedClass '/Game/NewMap.NewMap_C' with ClassGeneratedBy '/Game/NewMap.NewMap:PersistentLevel.NewMap'
[2019.04.03-23.48.03:043][ 18]LogWindows: Error: === Critical error: ===
[2019.04.03-23.48.03:043][ 18]LogWindows: Error: 
[2019.04.03-23.48.03:043][ 18]LogWindows: Error: Fatal error!
[2019.04.03-23.48.03:043][ 18]LogWindows: Error: 
[2019.04.03-23.48.03:043][ 18]LogWindows: Error: Unhandled Exception: EXCEPTION_ACCESS_VIOLATION reading address 0x00000018
[2019.04.03-23.48.03:043][ 18]LogWindows: Error: 
[2019.04.03-23.48.03:043][ 18]LogWindows: Error: [Callstack] 0x00007ffcbd1421d4 UE4Editor-EscapeGame-5538.dll!UGrabber::TickComponent() [d:\game development\unreal_escapegame\escapegame\source\escapegame\grabber.cpp:75]
[2019.04.03-23.48.03:043][ 18]LogWindows: Error: [Callstack] 0x00007ffc63ac9cd4 UE4Editor-Engine.dll!UnknownFunction []
[2019.04.03-23.48.03:043][ 18]LogWindows: Error: [Callstack] 0x00007ffc63aee704 UE4Editor-Engine.dll!UnknownFunction []
[2019.04.03-23.48.03:043][ 18]LogWindows: Error: [Callstack] 0x00007ffc64954a2d UE4Editor-Engine.dll!UnknownFunction []
[2019.04.03-23.48.03:043][ 18]LogWindows: Error: [Callstack] 0x00007ffc6edf1798 UE4Editor-Core.dll!UnknownFunction []
[2019.04.03-23.48.03:043][ 18]LogWindows: Error: [Callstack] 0x00007ffc6edf19e0 UE4Editor-Core.dll!UnknownFunction []
[2019.04.03-23.48.03:043][ 18]LogWindows: Error: [Callstack] 0x00007ffc649ab949 UE4Editor-Engine.dll!UnknownFunction []
[2019.04.03-23.48.03:043][ 18]LogWindows: Error: [Callstack] 0x00007ffc649bb9a2 UE4Editor-Engine.dll!UnknownFunction []
[2019.04.03-23.48.03:043][ 18]LogWindows: Error: [Callstack] 0x00007ffc6408b6e4 UE4Editor-Engine.dll!UnknownFunction []
[2019.04.03-23.48.03:043][ 18]LogWindows: Error: [Callstack] 0x00007ffc640979d9 UE4Editor-Engine.dll!UnknownFunction []
[2019.04.03-23.48.03:043][ 18]LogWindows: Error: [Callstack] 0x00007ffc62192085 UE4Editor-UnrealEd.dll!UnknownFunction []
[2019.04.03-23.48.03:043][ 18]LogWindows: Error: [Callstack] 0x00007ffc62ab2346 UE4Editor-UnrealEd.dll!UnknownFunction []
[2019.04.03-23.48.03:043][ 18]LogWindows: Error: [Callstack] 0x00007ff749eb6225 UE4Editor.exe!UnknownFunction []
[2019.04.03-23.48.03:043][ 18]LogWindows: Error: [Callstack] 0x00007ff749ec596c UE4Editor.exe!UnknownFunction []
[2019.04.03-23.48.03:043][ 18]LogWindows: Error: [Callstack] 0x00007ff749ec59ea UE4Editor.exe!UnknownFunction []
[2019.04.03-23.48.03:043][ 18]LogWindows: Error: [Callstack] 0x00007ff749ed48da UE4Editor.exe!UnknownFunction []
[2019.04.03-23.48.03:043][ 18]LogWindows: Error: [Callstack] 0x00007ff749ed659a UE4Editor.exe!UnknownFunction []
[2019.04.03-23.48.03:043][ 18]LogWindows: Error: [Callstack] 0x00007ffcd43d81f4 KERNEL32.DLL!UnknownFunction []
[2019.04.03-23.48.03:043][ 18]LogWindows: Error: [Callstack] 0x00007ffcd48da251 ntdll.dll!UnknownFunction []
[2019.04.03-23.48.03:043][ 18]LogWindows: Error: 
[2019.04.03-23.48.03:056][ 18]LogExit: Executing StaticShutdownAfterError
[2019.04.03-23.48.03:576][ 18]LogWindows: FPlatformMisc::RequestExit(1)
[2019.04.03-23.48.03:640][ 18]Log file closed, 04/03/19 19:48:03
